{"C:\\Users\\PC\\Desktop\\RECYCLE\\EcoReport\\backend\\server.js": {"path":"C:\\Users\\PC\\Desktop\\RECYCLE\\EcoReport\\backend\\server.js","statementMap":{"0":{"start":{"line":1,"column":0},"end":{"line":1,"column":27}},"1":{"start":{"line":2,"column":17},"end":{"line":2,"column":35}},"2":{"start":{"line":3,"column":17},"end":{"line":3,"column":32}},"3":{"start":{"line":4,"column":17},"end":{"line":4,"column":34}},"4":{"start":{"line":5,"column":17},"end":{"line":5,"column":34}},"5":{"start":{"line":6,"column":17},"end":{"line":6,"column":36}},"6":{"start":{"line":7,"column":17},"end":{"line":7,"column":40}},"7":{"start":{"line":8,"column":17},"end":{"line":8,"column":34}},"8":{"start":{"line":9,"column":17},"end":{"line":9,"column":32}},"9":{"start":{"line":10,"column":17},"end":{"line":10,"column":30}},"10":{"start":{"line":13,"column":26},"end":{"line":13,"column":67}},"11":{"start":{"line":14,"column":26},"end":{"line":14,"column":77}},"12":{"start":{"line":15,"column":26},"end":{"line":15,"column":77}},"13":{"start":{"line":16,"column":26},"end":{"line":16,"column":73}},"14":{"start":{"line":17,"column":26},"end":{"line":17,"column":79}},"15":{"start":{"line":18,"column":26},"end":{"line":18,"column":81}},"16":{"start":{"line":19,"column":26},"end":{"line":19,"column":69}},"17":{"start":{"line":22,"column":48},"end":{"line":22,"column":88}},"18":{"start":{"line":23,"column":53},"end":{"line":23,"column":103}},"19":{"start":{"line":26,"column":34},"end":{"line":26,"column":89}},"20":{"start":{"line":27,"column":34},"end":{"line":27,"column":83}},"21":{"start":{"line":28,"column":34},"end":{"line":28,"column":84}},"22":{"start":{"line":31,"column":20},"end":{"line":31,"column":52}},"23":{"start":{"line":32,"column":20},"end":{"line":32,"column":33}},"24":{"start":{"line":34,"column":13},"end":{"line":34,"column":22}},"25":{"start":{"line":35,"column":13},"end":{"line":35,"column":37}},"26":{"start":{"line":36,"column":19},"end":{"line":36,"column":64}},"27":{"start":{"line":39,"column":0},"end":{"line":39,"column":50}},"28":{"start":{"line":40,"column":0},"end":{"line":40,"column":54}},"29":{"start":{"line":41,"column":0},"end":{"line":41,"column":23}},"30":{"start":{"line":42,"column":0},"end":{"line":42,"column":24}},"31":{"start":{"line":43,"column":0},"end":{"line":43,"column":48}},"32":{"start":{"line":46,"column":19},"end":{"line":46,"column":50}},"33":{"start":{"line":47,"column":0},"end":{"line":47,"column":78}},"34":{"start":{"line":47,"column":32},"end":{"line":47,"column":78}},"35":{"start":{"line":48,"column":0},"end":{"line":48,"column":48}},"36":{"start":{"line":51,"column":24},"end":{"line":60,"column":1}},"37":{"start":{"line":52,"column":2},"end":{"line":52,"column":60}},"38":{"start":{"line":52,"column":48},"end":{"line":52,"column":60}},"39":{"start":{"line":53,"column":2},"end":{"line":59,"column":67}},"40":{"start":{"line":54,"column":19},"end":{"line":54,"column":40}},"41":{"start":{"line":55,"column":19},"end":{"line":55,"column":63}},"42":{"start":{"line":56,"column":19},"end":{"line":56,"column":97}},"43":{"start":{"line":57,"column":4},"end":{"line":57,"column":79}},"44":{"start":{"line":58,"column":4},"end":{"line":58,"column":17}},"45":{"start":{"line":59,"column":15},"end":{"line":59,"column":52}},"46":{"start":{"line":59,"column":53},"end":{"line":59,"column":65}},"47":{"start":{"line":63,"column":16},"end":{"line":66,"column":2}},"48":{"start":{"line":64,"column":34},"end":{"line":64,"column":54}},"49":{"start":{"line":65,"column":34},"end":{"line":65,"column":132}},"50":{"start":{"line":67,"column":15},"end":{"line":74,"column":2}},"51":{"start":{"line":71,"column":20},"end":{"line":71,"column":43}},"52":{"start":{"line":72,"column":4},"end":{"line":72,"column":42}},"53":{"start":{"line":77,"column":13},"end":{"line":85,"column":1}},"54":{"start":{"line":78,"column":2},"end":{"line":84,"column":63}},"55":{"start":{"line":79,"column":18},"end":{"line":79,"column":67}},"56":{"start":{"line":80,"column":4},"end":{"line":80,"column":76}},"57":{"start":{"line":80,"column":16},"end":{"line":80,"column":76}},"58":{"start":{"line":81,"column":20},"end":{"line":81,"column":49}},"59":{"start":{"line":82,"column":4},"end":{"line":82,"column":64}},"60":{"start":{"line":83,"column":4},"end":{"line":83,"column":11}},"61":{"start":{"line":84,"column":12},"end":{"line":84,"column":61}},"62":{"start":{"line":88,"column":20},"end":{"line":89,"column":78}},"63":{"start":{"line":89,"column":2},"end":{"line":89,"column":78}},"64":{"start":{"line":91,"column":26},"end":{"line":94,"column":1}},"65":{"start":{"line":92,"column":18},"end":{"line":92,"column":69}},"66":{"start":{"line":93,"column":2},"end":{"line":93,"column":78}},"67":{"start":{"line":97,"column":33},"end":{"line":159,"column":1}},"68":{"start":{"line":98,"column":2},"end":{"line":106,"column":5}},"69":{"start":{"line":107,"column":2},"end":{"line":116,"column":5}},"70":{"start":{"line":117,"column":2},"end":{"line":134,"column":5}},"71":{"start":{"line":135,"column":2},"end":{"line":143,"column":5}},"72":{"start":{"line":144,"column":2},"end":{"line":157,"column":5}},"73":{"start":{"line":158,"column":2},"end":{"line":158,"column":44}},"74":{"start":{"line":162,"column":0},"end":{"line":162,"column":102}},"75":{"start":{"line":162,"column":37},"end":{"line":162,"column":100}},"76":{"start":{"line":166,"column":0},"end":{"line":172,"column":3}},"77":{"start":{"line":167,"column":2},"end":{"line":171,"column":68}},"78":{"start":{"line":168,"column":14},"end":{"line":168,"column":111}},"79":{"start":{"line":169,"column":4},"end":{"line":169,"column":77}},"80":{"start":{"line":169,"column":20},"end":{"line":169,"column":77}},"81":{"start":{"line":170,"column":4},"end":{"line":170,"column":34}},"82":{"start":{"line":171,"column":18},"end":{"line":171,"column":66}},"83":{"start":{"line":175,"column":0},"end":{"line":175,"column":40}},"84":{"start":{"line":176,"column":0},"end":{"line":176,"column":45}},"85":{"start":{"line":177,"column":0},"end":{"line":177,"column":45}},"86":{"start":{"line":178,"column":0},"end":{"line":178,"column":43}},"87":{"start":{"line":179,"column":0},"end":{"line":179,"column":46}},"88":{"start":{"line":180,"column":0},"end":{"line":180,"column":47}},"89":{"start":{"line":181,"column":0},"end":{"line":181,"column":41}},"90":{"start":{"line":188,"column":0},"end":{"line":204,"column":3}},"91":{"start":{"line":189,"column":2},"end":{"line":203,"column":88}},"92":{"start":{"line":190,"column":19},"end":{"line":190,"column":83}},"93":{"start":{"line":191,"column":19},"end":{"line":191,"column":33}},"94":{"start":{"line":192,"column":4},"end":{"line":192,"column":67}},"95":{"start":{"line":192,"column":15},"end":{"line":192,"column":67}},"96":{"start":{"line":193,"column":19},"end":{"line":193,"column":95}},"97":{"start":{"line":194,"column":4},"end":{"line":202,"column":7}},"98":{"start":{"line":203,"column":18},"end":{"line":203,"column":37}},"99":{"start":{"line":203,"column":38},"end":{"line":203,"column":86}},"100":{"start":{"line":206,"column":0},"end":{"line":218,"column":3}},"101":{"start":{"line":207,"column":2},"end":{"line":217,"column":68}},"102":{"start":{"line":208,"column":64},"end":{"line":208,"column":72}},"103":{"start":{"line":209,"column":4},"end":{"line":213,"column":6}},"104":{"start":{"line":214,"column":14},"end":{"line":214,"column":78}},"105":{"start":{"line":215,"column":14},"end":{"line":215,"column":94}},"106":{"start":{"line":216,"column":4},"end":{"line":216,"column":87}},"107":{"start":{"line":217,"column":18},"end":{"line":217,"column":66}},"108":{"start":{"line":220,"column":0},"end":{"line":224,"column":3}},"109":{"start":{"line":221,"column":2},"end":{"line":221,"column":76}},"110":{"start":{"line":221,"column":17},"end":{"line":221,"column":76}},"111":{"start":{"line":222,"column":2},"end":{"line":222,"column":93}},"112":{"start":{"line":223,"column":2},"end":{"line":223,"column":60}},"113":{"start":{"line":227,"column":0},"end":{"line":230,"column":3}},"114":{"start":{"line":228,"column":12},"end":{"line":228,"column":117}},"115":{"start":{"line":229,"column":2},"end":{"line":229,"column":19}},"116":{"start":{"line":232,"column":0},"end":{"line":242,"column":3}},"117":{"start":{"line":233,"column":2},"end":{"line":241,"column":68}},"118":{"start":{"line":234,"column":42},"end":{"line":234,"column":50}},"119":{"start":{"line":235,"column":4},"end":{"line":235,"column":93}},"120":{"start":{"line":235,"column":26},"end":{"line":235,"column":93}},"121":{"start":{"line":236,"column":14},"end":{"line":239,"column":5}},"122":{"start":{"line":240,"column":4},"end":{"line":240,"column":36}},"123":{"start":{"line":241,"column":18},"end":{"line":241,"column":66}},"124":{"start":{"line":244,"column":0},"end":{"line":247,"column":3}},"125":{"start":{"line":245,"column":2},"end":{"line":245,"column":106}},"126":{"start":{"line":246,"column":2},"end":{"line":246,"column":30}},"127":{"start":{"line":250,"column":0},"end":{"line":278,"column":3}},"128":{"start":{"line":251,"column":2},"end":{"line":277,"column":88}},"129":{"start":{"line":252,"column":61},"end":{"line":252,"column":70}},"130":{"start":{"line":253,"column":19},"end":{"line":253,"column":37}},"131":{"start":{"line":254,"column":19},"end":{"line":254,"column":21}},"132":{"start":{"line":255,"column":14},"end":{"line":255,"column":15}},"133":{"start":{"line":256,"column":12},"end":{"line":260,"column":5}},"134":{"start":{"line":261,"column":4},"end":{"line":261,"column":101}},"135":{"start":{"line":261,"column":42},"end":{"line":261,"column":75}},"136":{"start":{"line":261,"column":77},"end":{"line":261,"column":99}},"137":{"start":{"line":262,"column":4},"end":{"line":262,"column":84}},"138":{"start":{"line":262,"column":19},"end":{"line":262,"column":54}},"139":{"start":{"line":262,"column":57},"end":{"line":262,"column":82}},"140":{"start":{"line":263,"column":4},"end":{"line":263,"column":135}},"141":{"start":{"line":263,"column":19},"end":{"line":263,"column":90}},"142":{"start":{"line":263,"column":91},"end":{"line":263,"column":133}},"143":{"start":{"line":264,"column":4},"end":{"line":264,"column":72}},"144":{"start":{"line":265,"column":4},"end":{"line":265,"column":47}},"145":{"start":{"line":266,"column":14},"end":{"line":266,"column":39}},"146":{"start":{"line":267,"column":4},"end":{"line":276,"column":11}},"147":{"start":{"line":267,"column":42},"end":{"line":276,"column":5}},"148":{"start":{"line":277,"column":18},"end":{"line":277,"column":37}},"149":{"start":{"line":277,"column":38},"end":{"line":277,"column":86}},"150":{"start":{"line":280,"column":0},"end":{"line":300,"column":3}},"151":{"start":{"line":281,"column":2},"end":{"line":299,"column":88}},"152":{"start":{"line":282,"column":14},"end":{"line":285,"column":5}},"153":{"start":{"line":286,"column":4},"end":{"line":286,"column":80}},"154":{"start":{"line":286,"column":20},"end":{"line":286,"column":80}},"155":{"start":{"line":287,"column":14},"end":{"line":287,"column":23}},"156":{"start":{"line":288,"column":17},"end":{"line":288,"column":116}},"157":{"start":{"line":289,"column":4},"end":{"line":298,"column":7}},"158":{"start":{"line":297,"column":34},"end":{"line":297,"column":106}},"159":{"start":{"line":299,"column":18},"end":{"line":299,"column":37}},"160":{"start":{"line":299,"column":38},"end":{"line":299,"column":86}},"161":{"start":{"line":302,"column":0},"end":{"line":326,"column":3}},"162":{"start":{"line":303,"column":2},"end":{"line":325,"column":88}},"163":{"start":{"line":304,"column":15},"end":{"line":304,"column":79}},"164":{"start":{"line":305,"column":15},"end":{"line":305,"column":95}},"165":{"start":{"line":306,"column":4},"end":{"line":307,"column":134}},"166":{"start":{"line":307,"column":6},"end":{"line":307,"column":134}},"167":{"start":{"line":308,"column":100},"end":{"line":308,"column":108}},"168":{"start":{"line":309,"column":4},"end":{"line":310,"column":72}},"169":{"start":{"line":310,"column":6},"end":{"line":310,"column":72}},"170":{"start":{"line":311,"column":14},"end":{"line":316,"column":5}},"171":{"start":{"line":317,"column":20},"end":{"line":317,"column":29}},"172":{"start":{"line":318,"column":4},"end":{"line":323,"column":5}},"173":{"start":{"line":319,"column":6},"end":{"line":322,"column":7}},"174":{"start":{"line":319,"column":19},"end":{"line":319,"column":20}},"175":{"start":{"line":320,"column":8},"end":{"line":321,"column":56}},"176":{"start":{"line":324,"column":4},"end":{"line":324,"column":103}},"177":{"start":{"line":325,"column":18},"end":{"line":325,"column":37}},"178":{"start":{"line":325,"column":38},"end":{"line":325,"column":86}},"179":{"start":{"line":328,"column":0},"end":{"line":340,"column":3}},"180":{"start":{"line":329,"column":2},"end":{"line":339,"column":68}},"181":{"start":{"line":330,"column":15},"end":{"line":330,"column":113}},"182":{"start":{"line":331,"column":4},"end":{"line":331,"column":86}},"183":{"start":{"line":331,"column":21},"end":{"line":331,"column":86}},"184":{"start":{"line":332,"column":100},"end":{"line":332,"column":108}},"185":{"start":{"line":333,"column":4},"end":{"line":337,"column":6}},"186":{"start":{"line":338,"column":4},"end":{"line":338,"column":32}},"187":{"start":{"line":339,"column":18},"end":{"line":339,"column":66}},"188":{"start":{"line":342,"column":0},"end":{"line":345,"column":3}},"189":{"start":{"line":343,"column":2},"end":{"line":343,"column":110}},"190":{"start":{"line":344,"column":2},"end":{"line":344,"column":30}},"191":{"start":{"line":347,"column":0},"end":{"line":357,"column":3}},"192":{"start":{"line":348,"column":2},"end":{"line":356,"column":68}},"193":{"start":{"line":349,"column":14},"end":{"line":354,"column":5}},"194":{"start":{"line":355,"column":4},"end":{"line":355,"column":133}},"195":{"start":{"line":355,"column":30},"end":{"line":355,"column":129}},"196":{"start":{"line":356,"column":18},"end":{"line":356,"column":66}},"197":{"start":{"line":360,"column":0},"end":{"line":378,"column":3}},"198":{"start":{"line":361,"column":2},"end":{"line":377,"column":88}},"199":{"start":{"line":362,"column":64},"end":{"line":362,"column":72}},"200":{"start":{"line":363,"column":4},"end":{"line":363,"column":115}},"201":{"start":{"line":363,"column":49},"end":{"line":363,"column":115}},"202":{"start":{"line":364,"column":15},"end":{"line":364,"column":96}},"203":{"start":{"line":365,"column":4},"end":{"line":365,"column":81}},"204":{"start":{"line":365,"column":21},"end":{"line":365,"column":81}},"205":{"start":{"line":366,"column":4},"end":{"line":366,"column":114}},"206":{"start":{"line":366,"column":44},"end":{"line":366,"column":114}},"207":{"start":{"line":367,"column":14},"end":{"line":371,"column":5}},"208":{"start":{"line":372,"column":20},"end":{"line":372,"column":32}},"209":{"start":{"line":373,"column":4},"end":{"line":375,"column":13}},"210":{"start":{"line":374,"column":6},"end":{"line":374,"column":113}},"211":{"start":{"line":374,"column":12},"end":{"line":374,"column":99}},"212":{"start":{"line":376,"column":4},"end":{"line":376,"column":101}},"213":{"start":{"line":377,"column":18},"end":{"line":377,"column":37}},"214":{"start":{"line":377,"column":38},"end":{"line":377,"column":86}},"215":{"start":{"line":380,"column":0},"end":{"line":390,"column":3}},"216":{"start":{"line":381,"column":2},"end":{"line":389,"column":68}},"217":{"start":{"line":382,"column":14},"end":{"line":387,"column":5}},"218":{"start":{"line":388,"column":4},"end":{"line":388,"column":68}},"219":{"start":{"line":388,"column":30},"end":{"line":388,"column":64}},"220":{"start":{"line":389,"column":18},"end":{"line":389,"column":66}},"221":{"start":{"line":393,"column":0},"end":{"line":393,"column":93}},"222":{"start":{"line":393,"column":22},"end":{"line":393,"column":91}},"223":{"start":{"line":394,"column":0},"end":{"line":394,"column":141}},"224":{"start":{"line":394,"column":35},"end":{"line":394,"column":60}},"225":{"start":{"line":394,"column":61},"end":{"line":394,"column":137}},"226":{"start":{"line":397,"column":0},"end":{"line":407,"column":76}},"227":{"start":{"line":398,"column":16},"end":{"line":398,"column":51}},"228":{"start":{"line":398,"column":52},"end":{"line":398,"column":80}},"229":{"start":{"line":399,"column":16},"end":{"line":399,"column":53}},"230":{"start":{"line":399,"column":54},"end":{"line":399,"column":84}},"231":{"start":{"line":400,"column":16},"end":{"line":400,"column":55}},"232":{"start":{"line":400,"column":56},"end":{"line":400,"column":90}},"233":{"start":{"line":402,"column":4},"end":{"line":402,"column":53}},"234":{"start":{"line":403,"column":4},"end":{"line":403,"column":47}},"235":{"start":{"line":404,"column":4},"end":{"line":404,"column":48}},"236":{"start":{"line":405,"column":4},"end":{"line":405,"column":87}},"237":{"start":{"line":405,"column":27},"end":{"line":405,"column":85}},"238":{"start":{"line":407,"column":18},"end":{"line":407,"column":55}},"239":{"start":{"line":407,"column":56},"end":{"line":407,"column":72}},"240":{"start":{"line":409,"column":0},"end":{"line":409,"column":21}}},"fnMap":{"0":{"name":"(anonymous_0)","decl":{"start":{"line":51,"column":24},"end":{"line":51,"column":25}},"loc":{"start":{"line":51,"column":37},"end":{"line":60,"column":1}},"line":51},"1":{"name":"(anonymous_1)","decl":{"start":{"line":64,"column":15},"end":{"line":64,"column":16}},"loc":{"start":{"line":64,"column":34},"end":{"line":64,"column":54}},"line":64},"2":{"name":"(anonymous_2)","decl":{"start":{"line":65,"column":15},"end":{"line":65,"column":16}},"loc":{"start":{"line":65,"column":34},"end":{"line":65,"column":132}},"line":65},"3":{"name":"(anonymous_3)","decl":{"start":{"line":70,"column":14},"end":{"line":70,"column":15}},"loc":{"start":{"line":70,"column":33},"end":{"line":73,"column":3}},"line":70},"4":{"name":"(anonymous_4)","decl":{"start":{"line":77,"column":13},"end":{"line":77,"column":14}},"loc":{"start":{"line":77,"column":39},"end":{"line":85,"column":1}},"line":77},"5":{"name":"(anonymous_5)","decl":{"start":{"line":88,"column":20},"end":{"line":88,"column":21}},"loc":{"start":{"line":89,"column":2},"end":{"line":89,"column":78}},"line":89},"6":{"name":"(anonymous_6)","decl":{"start":{"line":91,"column":26},"end":{"line":91,"column":27}},"loc":{"start":{"line":91,"column":46},"end":{"line":94,"column":1}},"line":91},"7":{"name":"(anonymous_7)","decl":{"start":{"line":97,"column":33},"end":{"line":97,"column":34}},"loc":{"start":{"line":97,"column":45},"end":{"line":159,"column":1}},"line":97},"8":{"name":"(anonymous_8)","decl":{"start":{"line":162,"column":23},"end":{"line":162,"column":24}},"loc":{"start":{"line":162,"column":37},"end":{"line":162,"column":100}},"line":162},"9":{"name":"(anonymous_9)","decl":{"start":{"line":166,"column":30},"end":{"line":166,"column":31}},"loc":{"start":{"line":166,"column":50},"end":{"line":172,"column":1}},"line":166},"10":{"name":"(anonymous_10)","decl":{"start":{"line":188,"column":31},"end":{"line":188,"column":32}},"loc":{"start":{"line":188,"column":51},"end":{"line":204,"column":1}},"line":188},"11":{"name":"(anonymous_11)","decl":{"start":{"line":206,"column":31},"end":{"line":206,"column":32}},"loc":{"start":{"line":206,"column":51},"end":{"line":218,"column":1}},"line":206},"12":{"name":"(anonymous_12)","decl":{"start":{"line":220,"column":64},"end":{"line":220,"column":65}},"loc":{"start":{"line":220,"column":84},"end":{"line":224,"column":1}},"line":220},"13":{"name":"(anonymous_13)","decl":{"start":{"line":227,"column":40},"end":{"line":227,"column":41}},"loc":{"start":{"line":227,"column":60},"end":{"line":230,"column":1}},"line":227},"14":{"name":"(anonymous_14)","decl":{"start":{"line":232,"column":41},"end":{"line":232,"column":42}},"loc":{"start":{"line":232,"column":61},"end":{"line":242,"column":1}},"line":232},"15":{"name":"(anonymous_15)","decl":{"start":{"line":244,"column":47},"end":{"line":244,"column":48}},"loc":{"start":{"line":244,"column":67},"end":{"line":247,"column":1}},"line":244},"16":{"name":"(anonymous_16)","decl":{"start":{"line":250,"column":25},"end":{"line":250,"column":26}},"loc":{"start":{"line":250,"column":45},"end":{"line":278,"column":1}},"line":250},"17":{"name":"(anonymous_17)","decl":{"start":{"line":267,"column":36},"end":{"line":267,"column":37}},"loc":{"start":{"line":267,"column":42},"end":{"line":276,"column":5}},"line":267},"18":{"name":"(anonymous_18)","decl":{"start":{"line":280,"column":29},"end":{"line":280,"column":30}},"loc":{"start":{"line":280,"column":49},"end":{"line":300,"column":1}},"line":280},"19":{"name":"(anonymous_19)","decl":{"start":{"line":297,"column":28},"end":{"line":297,"column":29}},"loc":{"start":{"line":297,"column":34},"end":{"line":297,"column":106}},"line":297},"20":{"name":"(anonymous_20)","decl":{"start":{"line":302,"column":59},"end":{"line":302,"column":60}},"loc":{"start":{"line":302,"column":79},"end":{"line":326,"column":1}},"line":302},"21":{"name":"(anonymous_21)","decl":{"start":{"line":328,"column":35},"end":{"line":328,"column":36}},"loc":{"start":{"line":328,"column":55},"end":{"line":340,"column":1}},"line":328},"22":{"name":"(anonymous_22)","decl":{"start":{"line":342,"column":38},"end":{"line":342,"column":39}},"loc":{"start":{"line":342,"column":58},"end":{"line":345,"column":1}},"line":342},"23":{"name":"(anonymous_23)","decl":{"start":{"line":347,"column":40},"end":{"line":347,"column":41}},"loc":{"start":{"line":347,"column":60},"end":{"line":357,"column":1}},"line":347},"24":{"name":"(anonymous_24)","decl":{"start":{"line":355,"column":24},"end":{"line":355,"column":25}},"loc":{"start":{"line":355,"column":30},"end":{"line":355,"column":129}},"line":355},"25":{"name":"(anonymous_25)","decl":{"start":{"line":360,"column":30},"end":{"line":360,"column":31}},"loc":{"start":{"line":360,"column":50},"end":{"line":378,"column":1}},"line":360},"26":{"name":"(anonymous_26)","decl":{"start":{"line":373,"column":15},"end":{"line":373,"column":16}},"loc":{"start":{"line":373,"column":27},"end":{"line":375,"column":5}},"line":373},"27":{"name":"(anonymous_27)","decl":{"start":{"line":380,"column":32},"end":{"line":380,"column":33}},"loc":{"start":{"line":380,"column":52},"end":{"line":390,"column":1}},"line":380},"28":{"name":"(anonymous_28)","decl":{"start":{"line":388,"column":24},"end":{"line":388,"column":25}},"loc":{"start":{"line":388,"column":30},"end":{"line":388,"column":64}},"line":388},"29":{"name":"(anonymous_29)","decl":{"start":{"line":393,"column":8},"end":{"line":393,"column":9}},"loc":{"start":{"line":393,"column":22},"end":{"line":393,"column":91}},"line":393},"30":{"name":"(anonymous_30)","decl":{"start":{"line":394,"column":8},"end":{"line":394,"column":9}},"loc":{"start":{"line":394,"column":33},"end":{"line":394,"column":139}},"line":394},"31":{"name":"(anonymous_31)","decl":{"start":{"line":398,"column":8},"end":{"line":398,"column":9}},"loc":{"start":{"line":398,"column":14},"end":{"line":398,"column":82}},"line":398},"32":{"name":"(anonymous_32)","decl":{"start":{"line":399,"column":8},"end":{"line":399,"column":9}},"loc":{"start":{"line":399,"column":14},"end":{"line":399,"column":86}},"line":399},"33":{"name":"(anonymous_33)","decl":{"start":{"line":400,"column":8},"end":{"line":400,"column":9}},"loc":{"start":{"line":400,"column":14},"end":{"line":400,"column":92}},"line":400},"34":{"name":"(anonymous_34)","decl":{"start":{"line":401,"column":8},"end":{"line":401,"column":9}},"loc":{"start":{"line":401,"column":14},"end":{"line":406,"column":3}},"line":401},"35":{"name":"(anonymous_35)","decl":{"start":{"line":405,"column":21},"end":{"line":405,"column":22}},"loc":{"start":{"line":405,"column":27},"end":{"line":405,"column":85}},"line":405},"36":{"name":"(anonymous_36)","decl":{"start":{"line":407,"column":9},"end":{"line":407,"column":10}},"loc":{"start":{"line":407,"column":16},"end":{"line":407,"column":74}},"line":407}},"branchMap":{"0":{"loc":{"start":{"line":35,"column":13},"end":{"line":35,"column":37}},"type":"binary-expr","locations":[{"start":{"line":35,"column":13},"end":{"line":35,"column":29}},{"start":{"line":35,"column":33},"end":{"line":35,"column":37}}],"line":35},"1":{"loc":{"start":{"line":36,"column":19},"end":{"line":36,"column":64}},"type":"binary-expr","locations":[{"start":{"line":36,"column":19},"end":{"line":36,"column":41}},{"start":{"line":36,"column":45},"end":{"line":36,"column":64}}],"line":36},"2":{"loc":{"start":{"line":47,"column":0},"end":{"line":47,"column":78}},"type":"if","locations":[{"start":{"line":47,"column":0},"end":{"line":47,"column":78}},{"start":{},"end":{}}],"line":47},"3":{"loc":{"start":{"line":52,"column":2},"end":{"line":52,"column":60}},"type":"if","locations":[{"start":{"line":52,"column":2},"end":{"line":52,"column":60}},{"start":{},"end":{}}],"line":52},"4":{"loc":{"start":{"line":52,"column":6},"end":{"line":52,"column":46}},"type":"binary-expr","locations":[{"start":{"line":52,"column":6},"end":{"line":52,"column":14}},{"start":{"line":52,"column":18},"end":{"line":52,"column":46}}],"line":52},"5":{"loc":{"start":{"line":55,"column":19},"end":{"line":55,"column":63}},"type":"binary-expr","locations":[{"start":{"line":55,"column":19},"end":{"line":55,"column":54}},{"start":{"line":55,"column":58},"end":{"line":55,"column":63}}],"line":55},"6":{"loc":{"start":{"line":80,"column":4},"end":{"line":80,"column":76}},"type":"if","locations":[{"start":{"line":80,"column":4},"end":{"line":80,"column":76}},{"start":{},"end":{}}],"line":80},"7":{"loc":{"start":{"line":82,"column":33},"end":{"line":82,"column":61}},"type":"binary-expr","locations":[{"start":{"line":82,"column":33},"end":{"line":82,"column":43}},{"start":{"line":82,"column":47},"end":{"line":82,"column":61}}],"line":82},"8":{"loc":{"start":{"line":89,"column":2},"end":{"line":89,"column":78}},"type":"cond-expr","locations":[{"start":{"line":89,"column":13},"end":{"line":89,"column":71}},{"start":{"line":89,"column":74},"end":{"line":89,"column":78}}],"line":89},"9":{"loc":{"start":{"line":92,"column":18},"end":{"line":92,"column":69}},"type":"binary-expr","locations":[{"start":{"line":92,"column":19},"end":{"line":92,"column":35}},{"start":{"line":92,"column":39},"end":{"line":92,"column":54}},{"start":{"line":92,"column":59},"end":{"line":92,"column":69}}],"line":92},"10":{"loc":{"start":{"line":93,"column":12},"end":{"line":93,"column":76}},"type":"binary-expr","locations":[{"start":{"line":93,"column":12},"end":{"line":93,"column":19}},{"start":{"line":93,"column":23},"end":{"line":93,"column":33}},{"start":{"line":93,"column":37},"end":{"line":93,"column":52}},{"start":{"line":93,"column":56},"end":{"line":93,"column":76}}],"line":93},"11":{"loc":{"start":{"line":169,"column":4},"end":{"line":169,"column":77}},"type":"if","locations":[{"start":{"line":169,"column":4},"end":{"line":169,"column":77}},{"start":{},"end":{}}],"line":169},"12":{"loc":{"start":{"line":192,"column":4},"end":{"line":192,"column":67}},"type":"if","locations":[{"start":{"line":192,"column":4},"end":{"line":192,"column":67}},{"start":{},"end":{}}],"line":192},"13":{"loc":{"start":{"line":198,"column":14},"end":{"line":198,"column":64}},"type":"cond-expr","locations":[{"start":{"line":198,"column":28},"end":{"line":198,"column":57}},{"start":{"line":198,"column":60},"end":{"line":198,"column":64}}],"line":198},"14":{"loc":{"start":{"line":221,"column":2},"end":{"line":221,"column":76}},"type":"if","locations":[{"start":{"line":221,"column":2},"end":{"line":221,"column":76}},{"start":{},"end":{}}],"line":221},"15":{"loc":{"start":{"line":235,"column":4},"end":{"line":235,"column":93}},"type":"if","locations":[{"start":{"line":235,"column":4},"end":{"line":235,"column":93}},{"start":{},"end":{}}],"line":235},"16":{"loc":{"start":{"line":235,"column":8},"end":{"line":235,"column":24}},"type":"binary-expr","locations":[{"start":{"line":235,"column":8},"end":{"line":235,"column":13}},{"start":{"line":235,"column":17},"end":{"line":235,"column":24}}],"line":235},"17":{"loc":{"start":{"line":238,"column":34},"end":{"line":238,"column":51}},"type":"binary-expr","locations":[{"start":{"line":238,"column":34},"end":{"line":238,"column":45}},{"start":{"line":238,"column":49},"end":{"line":238,"column":51}}],"line":238},"18":{"loc":{"start":{"line":252,"column":36},"end":{"line":252,"column":44}},"type":"default-arg","locations":[{"start":{"line":252,"column":43},"end":{"line":252,"column":44}}],"line":252},"19":{"loc":{"start":{"line":252,"column":46},"end":{"line":252,"column":56}},"type":"default-arg","locations":[{"start":{"line":252,"column":54},"end":{"line":252,"column":56}}],"line":252},"20":{"loc":{"start":{"line":261,"column":4},"end":{"line":261,"column":101}},"type":"if","locations":[{"start":{"line":261,"column":4},"end":{"line":261,"column":101}},{"start":{},"end":{}}],"line":261},"21":{"loc":{"start":{"line":261,"column":8},"end":{"line":261,"column":38}},"type":"binary-expr","locations":[{"start":{"line":261,"column":8},"end":{"line":261,"column":16}},{"start":{"line":261,"column":20},"end":{"line":261,"column":38}}],"line":261},"22":{"loc":{"start":{"line":262,"column":4},"end":{"line":262,"column":84}},"type":"if","locations":[{"start":{"line":262,"column":4},"end":{"line":262,"column":84}},{"start":{},"end":{}}],"line":262},"23":{"loc":{"start":{"line":263,"column":4},"end":{"line":263,"column":135}},"type":"if","locations":[{"start":{"line":263,"column":4},"end":{"line":263,"column":135}},{"start":{},"end":{}}],"line":263},"24":{"loc":{"start":{"line":271,"column":17},"end":{"line":271,"column":57}},"type":"cond-expr","locations":[{"start":{"line":271,"column":31},"end":{"line":271,"column":49}},{"start":{"line":271,"column":53},"end":{"line":271,"column":57}}],"line":271},"25":{"loc":{"start":{"line":272,"column":17},"end":{"line":272,"column":57}},"type":"cond-expr","locations":[{"start":{"line":272,"column":31},"end":{"line":272,"column":50}},{"start":{"line":272,"column":53},"end":{"line":272,"column":57}}],"line":272},"26":{"loc":{"start":{"line":275,"column":13},"end":{"line":275,"column":71}},"type":"cond-expr","locations":[{"start":{"line":275,"column":31},"end":{"line":275,"column":64}},{"start":{"line":275,"column":67},"end":{"line":275,"column":71}}],"line":275},"27":{"loc":{"start":{"line":286,"column":4},"end":{"line":286,"column":80}},"type":"if","locations":[{"start":{"line":286,"column":4},"end":{"line":286,"column":80}},{"start":{},"end":{}}],"line":286},"28":{"loc":{"start":{"line":293,"column":16},"end":{"line":293,"column":54}},"type":"cond-expr","locations":[{"start":{"line":293,"column":29},"end":{"line":293,"column":47}},{"start":{"line":293,"column":50},"end":{"line":293,"column":54}}],"line":293},"29":{"loc":{"start":{"line":294,"column":17},"end":{"line":294,"column":57}},"type":"cond-expr","locations":[{"start":{"line":294,"column":31},"end":{"line":294,"column":50}},{"start":{"line":294,"column":53},"end":{"line":294,"column":57}}],"line":294},"30":{"loc":{"start":{"line":306,"column":4},"end":{"line":307,"column":134}},"type":"if","locations":[{"start":{"line":306,"column":4},"end":{"line":307,"column":134}},{"start":{},"end":{}}],"line":306},"31":{"loc":{"start":{"line":309,"column":4},"end":{"line":310,"column":72}},"type":"if","locations":[{"start":{"line":309,"column":4},"end":{"line":310,"column":72}},{"start":{},"end":{}}],"line":309},"32":{"loc":{"start":{"line":309,"column":8},"end":{"line":309,"column":59}},"type":"binary-expr","locations":[{"start":{"line":309,"column":8},"end":{"line":309,"column":14}},{"start":{"line":309,"column":18},"end":{"line":309,"column":27}},{"start":{"line":309,"column":31},"end":{"line":309,"column":40}},{"start":{"line":309,"column":44},"end":{"line":309,"column":50}},{"start":{"line":309,"column":54},"end":{"line":309,"column":59}}],"line":309},"33":{"loc":{"start":{"line":314,"column":37},"end":{"line":314,"column":57}},"type":"binary-expr","locations":[{"start":{"line":314,"column":37},"end":{"line":314,"column":46}},{"start":{"line":314,"column":50},"end":{"line":314,"column":57}}],"line":314},"34":{"loc":{"start":{"line":315,"column":13},"end":{"line":315,"column":30}},"type":"binary-expr","locations":[{"start":{"line":315,"column":13},"end":{"line":315,"column":24}},{"start":{"line":315,"column":28},"end":{"line":315,"column":30}}],"line":315},"35":{"loc":{"start":{"line":315,"column":32},"end":{"line":315,"column":48}},"type":"binary-expr","locations":[{"start":{"line":315,"column":32},"end":{"line":315,"column":40}},{"start":{"line":315,"column":44},"end":{"line":315,"column":48}}],"line":315},"36":{"loc":{"start":{"line":315,"column":50},"end":{"line":315,"column":67}},"type":"binary-expr","locations":[{"start":{"line":315,"column":50},"end":{"line":315,"column":59}},{"start":{"line":315,"column":63},"end":{"line":315,"column":67}}],"line":315},"37":{"loc":{"start":{"line":318,"column":4},"end":{"line":323,"column":5}},"type":"if","locations":[{"start":{"line":318,"column":4},"end":{"line":323,"column":5}},{"start":{},"end":{}}],"line":318},"38":{"loc":{"start":{"line":331,"column":4},"end":{"line":331,"column":86}},"type":"if","locations":[{"start":{"line":331,"column":4},"end":{"line":331,"column":86}},{"start":{},"end":{}}],"line":331},"39":{"loc":{"start":{"line":355,"column":69},"end":{"line":355,"column":127}},"type":"cond-expr","locations":[{"start":{"line":355,"column":87},"end":{"line":355,"column":120}},{"start":{"line":355,"column":123},"end":{"line":355,"column":127}}],"line":355},"40":{"loc":{"start":{"line":363,"column":4},"end":{"line":363,"column":115}},"type":"if","locations":[{"start":{"line":363,"column":4},"end":{"line":363,"column":115}},{"start":{},"end":{}}],"line":363},"41":{"loc":{"start":{"line":363,"column":8},"end":{"line":363,"column":47}},"type":"binary-expr","locations":[{"start":{"line":363,"column":8},"end":{"line":363,"column":18}},{"start":{"line":363,"column":22},"end":{"line":363,"column":36}},{"start":{"line":363,"column":40},"end":{"line":363,"column":47}}],"line":363},"42":{"loc":{"start":{"line":365,"column":4},"end":{"line":365,"column":81}},"type":"if","locations":[{"start":{"line":365,"column":4},"end":{"line":365,"column":81}},{"start":{},"end":{}}],"line":365},"43":{"loc":{"start":{"line":366,"column":4},"end":{"line":366,"column":114}},"type":"if","locations":[{"start":{"line":366,"column":4},"end":{"line":366,"column":114}},{"start":{},"end":{}}],"line":366},"44":{"loc":{"start":{"line":370,"column":74},"end":{"line":370,"column":93}},"type":"binary-expr","locations":[{"start":{"line":370,"column":74},"end":{"line":370,"column":87}},{"start":{"line":370,"column":91},"end":{"line":370,"column":93}}],"line":370}},"s":{"0":2,"1":2,"2":2,"3":2,"4":2,"5":2,"6":2,"7":2,"8":2,"9":2,"10":2,"11":2,"12":2,"13":2,"14":2,"15":2,"16":2,"17":2,"18":2,"19":2,"20":2,"21":2,"22":2,"23":2,"24":2,"25":2,"26":2,"27":2,"28":2,"29":2,"30":2,"31":2,"32":2,"33":2,"34":0,"35":2,"36":2,"37":0,"38":0,"39":0,"40":0,"41":0,"42":0,"43":0,"44":0,"45":0,"46":0,"47":2,"48":0,"49":0,"50":2,"51":0,"52":0,"53":2,"54":0,"55":0,"56":0,"57":0,"58":0,"59":0,"60":0,"61":0,"62":2,"63":0,"64":2,"65":0,"66":0,"67":2,"68":0,"69":0,"70":0,"71":0,"72":0,"73":0,"74":2,"75":0,"76":2,"77":0,"78":0,"79":0,"80":0,"81":0,"82":0,"83":2,"84":2,"85":2,"86":2,"87":2,"88":2,"89":2,"90":2,"91":0,"92":0,"93":0,"94":0,"95":0,"96":0,"97":0,"98":0,"99":0,"100":2,"101":0,"102":0,"103":0,"104":0,"105":0,"106":0,"107":0,"108":2,"109":0,"110":0,"111":0,"112":0,"113":2,"114":0,"115":0,"116":2,"117":0,"118":0,"119":0,"120":0,"121":0,"122":0,"123":0,"124":2,"125":0,"126":0,"127":2,"128":0,"129":0,"130":0,"131":0,"132":0,"133":0,"134":0,"135":0,"136":0,"137":0,"138":0,"139":0,"140":0,"141":0,"142":0,"143":0,"144":0,"145":0,"146":0,"147":0,"148":0,"149":0,"150":2,"151":0,"152":0,"153":0,"154":0,"155":0,"156":0,"157":0,"158":0,"159":0,"160":0,"161":2,"162":0,"163":0,"164":0,"165":0,"166":0,"167":0,"168":0,"169":0,"170":0,"171":0,"172":0,"173":0,"174":0,"175":0,"176":0,"177":0,"178":0,"179":2,"180":0,"181":0,"182":0,"183":0,"184":0,"185":0,"186":0,"187":0,"188":2,"189":0,"190":0,"191":2,"192":0,"193":0,"194":0,"195":0,"196":0,"197":2,"198":0,"199":0,"200":0,"201":0,"202":0,"203":0,"204":0,"205":0,"206":0,"207":0,"208":0,"209":0,"210":0,"211":0,"212":0,"213":0,"214":0,"215":2,"216":0,"217":0,"218":0,"219":0,"220":0,"221":2,"222":0,"223":2,"224":0,"225":0,"226":2,"227":0,"228":0,"229":0,"230":0,"231":0,"232":0,"233":0,"234":0,"235":0,"236":0,"237":0,"238":0,"239":0,"240":2},"f":{"0":0,"1":0,"2":0,"3":0,"4":0,"5":0,"6":0,"7":0,"8":0,"9":0,"10":0,"11":0,"12":0,"13":0,"14":0,"15":0,"16":0,"17":0,"18":0,"19":0,"20":0,"21":0,"22":0,"23":0,"24":0,"25":0,"26":0,"27":0,"28":0,"29":0,"30":0,"31":0,"32":0,"33":0,"34":0,"35":0,"36":0},"b":{"0":[2,0],"1":[2,0],"2":[0,2],"3":[0,0],"4":[0,0],"5":[0,0],"6":[0,0],"7":[0,0],"8":[0,0],"9":[0,0,0],"10":[0,0,0,0],"11":[0,0],"12":[0,0],"13":[0,0],"14":[0,0],"15":[0,0],"16":[0,0],"17":[0,0],"18":[0],"19":[0],"20":[0,0],"21":[0,0],"22":[0,0],"23":[0,0],"24":[0,0],"25":[0,0],"26":[0,0],"27":[0,0],"28":[0,0],"29":[0,0],"30":[0,0],"31":[0,0],"32":[0,0,0,0,0],"33":[0,0],"34":[0,0],"35":[0,0],"36":[0,0],"37":[0,0],"38":[0,0],"39":[0,0],"40":[0,0],"41":[0,0,0],"42":[0,0],"43":[0,0],"44":[0,0]},"_coverageSchema":"1a1c01bbd47fc00a2c39e90264f33305004495a9","hash":"802162462155f8ca5009141c211878e33565ad82"}
,"C:\\Users\\PC\\Desktop\\RECYCLE\\EcoReport\\backend\\src\\events\\broker.js": {"path":"C:\\Users\\PC\\Desktop\\RECYCLE\\EcoReport\\backend\\src\\events\\broker.js","statementMap":{"0":{"start":{"line":1,"column":13},"end":{"line":1,"column":31}},"1":{"start":{"line":3,"column":15},"end":{"line":3,"column":19}},"2":{"start":{"line":5,"column":16},"end":{"line":21,"column":1}},"3":{"start":{"line":6,"column":2},"end":{"line":8,"column":3}},"4":{"start":{"line":7,"column":4},"end":{"line":7,"column":20}},"5":{"start":{"line":9,"column":2},"end":{"line":20,"column":3}},"6":{"start":{"line":10,"column":23},"end":{"line":12,"column":5}},"7":{"start":{"line":13,"column":20},"end":{"line":13,"column":52}},"8":{"start":{"line":14,"column":4},"end":{"line":14,"column":47}},"9":{"start":{"line":15,"column":4},"end":{"line":15,"column":23}},"10":{"start":{"line":16,"column":4},"end":{"line":16,"column":20}},"11":{"start":{"line":18,"column":4},"end":{"line":18,"column":54}},"12":{"start":{"line":19,"column":4},"end":{"line":19,"column":14}},"13":{"start":{"line":23,"column":19},"end":{"line":28,"column":1}},"14":{"start":{"line":24,"column":2},"end":{"line":26,"column":3}},"15":{"start":{"line":25,"column":4},"end":{"line":25,"column":20}},"16":{"start":{"line":27,"column":2},"end":{"line":27,"column":18}},"17":{"start":{"line":30,"column":21},"end":{"line":48,"column":1}},"18":{"start":{"line":31,"column":2},"end":{"line":47,"column":3}},"19":{"start":{"line":32,"column":20},"end":{"line":32,"column":38}},"20":{"start":{"line":33,"column":4},"end":{"line":35,"column":7}},"21":{"start":{"line":36,"column":4},"end":{"line":39,"column":6}},"22":{"start":{"line":40,"column":4},"end":{"line":43,"column":6}},"23":{"start":{"line":45,"column":4},"end":{"line":45,"column":51}},"24":{"start":{"line":46,"column":4},"end":{"line":46,"column":14}},"25":{"start":{"line":50,"column":21},"end":{"line":70,"column":1}},"26":{"start":{"line":51,"column":2},"end":{"line":69,"column":3}},"27":{"start":{"line":52,"column":20},"end":{"line":52,"column":38}},"28":{"start":{"line":53,"column":4},"end":{"line":55,"column":7}},"29":{"start":{"line":56,"column":4},"end":{"line":64,"column":7}},"30":{"start":{"line":57,"column":6},"end":{"line":63,"column":7}},"31":{"start":{"line":58,"column":24},"end":{"line":60,"column":9}},"32":{"start":{"line":61,"column":8},"end":{"line":61,"column":26}},"33":{"start":{"line":62,"column":8},"end":{"line":62,"column":25}},"34":{"start":{"line":65,"column":4},"end":{"line":65,"column":52}},"35":{"start":{"line":67,"column":4},"end":{"line":67,"column":51}},"36":{"start":{"line":68,"column":4},"end":{"line":68,"column":14}},"37":{"start":{"line":72,"column":0},"end":{"line":76,"column":2}}},"fnMap":{"0":{"name":"(anonymous_0)","decl":{"start":{"line":5,"column":16},"end":{"line":5,"column":17}},"loc":{"start":{"line":5,"column":28},"end":{"line":21,"column":1}},"line":5},"1":{"name":"(anonymous_1)","decl":{"start":{"line":23,"column":19},"end":{"line":23,"column":20}},"loc":{"start":{"line":23,"column":31},"end":{"line":28,"column":1}},"line":23},"2":{"name":"(anonymous_2)","decl":{"start":{"line":30,"column":21},"end":{"line":30,"column":22}},"loc":{"start":{"line":30,"column":47},"end":{"line":48,"column":1}},"line":30},"3":{"name":"(anonymous_3)","decl":{"start":{"line":50,"column":21},"end":{"line":50,"column":22}},"loc":{"start":{"line":50,"column":48},"end":{"line":70,"column":1}},"line":50},"4":{"name":"(anonymous_4)","decl":{"start":{"line":56,"column":27},"end":{"line":56,"column":28}},"loc":{"start":{"line":56,"column":36},"end":{"line":64,"column":5}},"line":56}},"branchMap":{"0":{"loc":{"start":{"line":6,"column":2},"end":{"line":8,"column":3}},"type":"if","locations":[{"start":{"line":6,"column":2},"end":{"line":8,"column":3}},{"start":{},"end":{}}],"line":6},"1":{"loc":{"start":{"line":24,"column":2},"end":{"line":26,"column":3}},"type":"if","locations":[{"start":{"line":24,"column":2},"end":{"line":26,"column":3}},{"start":{},"end":{}}],"line":24},"2":{"loc":{"start":{"line":57,"column":6},"end":{"line":63,"column":7}},"type":"if","locations":[{"start":{"line":57,"column":6},"end":{"line":63,"column":7}},{"start":{},"end":{}}],"line":57}},"s":{"0":2,"1":2,"2":2,"3":0,"4":0,"5":0,"6":0,"7":0,"8":0,"9":0,"10":0,"11":0,"12":0,"13":2,"14":0,"15":0,"16":0,"17":2,"18":0,"19":0,"20":0,"21":0,"22":0,"23":0,"24":0,"25":2,"26":0,"27":0,"28":0,"29":0,"30":0,"31":0,"32":0,"33":0,"34":0,"35":0,"36":0,"37":2},"f":{"0":0,"1":0,"2":0,"3":0,"4":0},"b":{"0":[0,0],"1":[0,0],"2":[0,0]},"_coverageSchema":"1a1c01bbd47fc00a2c39e90264f33305004495a9","hash":"3294b4c5a5d0316e8e335a94445f719b3120e668"}
,"C:\\Users\\PC\\Desktop\\RECYCLE\\EcoReport\\backend\\src\\events\\consumers\\notification.consumer.js": {"path":"C:\\Users\\PC\\Desktop\\RECYCLE\\EcoReport\\backend\\src\\events\\consumers\\notification.consumer.js","statementMap":{"0":{"start":{"line":1,"column":15},"end":{"line":1,"column":35}},"1":{"start":{"line":3,"column":34},"end":{"line":33,"column":1}},"2":{"start":{"line":4,"column":2},"end":{"line":4,"column":51}},"3":{"start":{"line":6,"column":2},"end":{"line":30,"column":4}},"4":{"start":{"line":9,"column":6},"end":{"line":9,"column":55}},"5":{"start":{"line":13,"column":6},"end":{"line":22,"column":9}},"6":{"start":{"line":32,"column":2},"end":{"line":32,"column":47}},"7":{"start":{"line":35,"column":0},"end":{"line":35,"column":43}}},"fnMap":{"0":{"name":"(anonymous_0)","decl":{"start":{"line":3,"column":34},"end":{"line":3,"column":35}},"loc":{"start":{"line":3,"column":46},"end":{"line":33,"column":1}},"line":3},"1":{"name":"(anonymous_1)","decl":{"start":{"line":8,"column":4},"end":{"line":8,"column":5}},"loc":{"start":{"line":8,"column":21},"end":{"line":29,"column":5}},"line":8}},"branchMap":{},"s":{"0":2,"1":2,"2":0,"3":0,"4":0,"5":0,"6":0,"7":2},"f":{"0":0,"1":0},"b":{},"_coverageSchema":"1a1c01bbd47fc00a2c39e90264f33305004495a9","hash":"be9c3d92c3b31afd8037a6169dc8714b2ddfe81f"}
,"C:\\Users\\PC\\Desktop\\RECYCLE\\EcoReport\\backend\\src\\events\\consumers\\rewards.consumer.js": {"path":"C:\\Users\\PC\\Desktop\\RECYCLE\\EcoReport\\backend\\src\\events\\consumers\\rewards.consumer.js","statementMap":{"0":{"start":{"line":1,"column":15},"end":{"line":1,"column":35}},"1":{"start":{"line":2,"column":23},"end":{"line":2,"column":71}},"2":{"start":{"line":3,"column":23},"end":{"line":3,"column":73}},"3":{"start":{"line":5,"column":29},"end":{"line":71,"column":1}},"4":{"start":{"line":6,"column":2},"end":{"line":6,"column":46}},"5":{"start":{"line":9,"column":2},"end":{"line":23,"column":4}},"6":{"start":{"line":12,"column":6},"end":{"line":21,"column":7}},"7":{"start":{"line":13,"column":8},"end":{"line":17,"column":10}},"8":{"start":{"line":18,"column":8},"end":{"line":18,"column":59}},"9":{"start":{"line":20,"column":8},"end":{"line":20,"column":53}},"10":{"start":{"line":26,"column":2},"end":{"line":49,"column":4}},"11":{"start":{"line":29,"column":6},"end":{"line":47,"column":7}},"12":{"start":{"line":30,"column":8},"end":{"line":44,"column":9}},"13":{"start":{"line":31,"column":25},"end":{"line":33,"column":11}},"14":{"start":{"line":34,"column":10},"end":{"line":43,"column":11}},"15":{"start":{"line":35,"column":12},"end":{"line":39,"column":14}},"16":{"start":{"line":40,"column":12},"end":{"line":42,"column":14}},"17":{"start":{"line":46,"column":8},"end":{"line":46,"column":53}},"18":{"start":{"line":52,"column":2},"end":{"line":68,"column":4}},"19":{"start":{"line":55,"column":6},"end":{"line":66,"column":7}},"20":{"start":{"line":56,"column":8},"end":{"line":60,"column":10}},"21":{"start":{"line":61,"column":8},"end":{"line":63,"column":10}},"22":{"start":{"line":65,"column":8},"end":{"line":65,"column":53}},"23":{"start":{"line":70,"column":2},"end":{"line":70,"column":42}},"24":{"start":{"line":73,"column":0},"end":{"line":73,"column":38}}},"fnMap":{"0":{"name":"(anonymous_0)","decl":{"start":{"line":5,"column":29},"end":{"line":5,"column":30}},"loc":{"start":{"line":5,"column":41},"end":{"line":71,"column":1}},"line":5},"1":{"name":"(anonymous_1)","decl":{"start":{"line":11,"column":4},"end":{"line":11,"column":5}},"loc":{"start":{"line":11,"column":20},"end":{"line":22,"column":5}},"line":11},"2":{"name":"(anonymous_2)","decl":{"start":{"line":28,"column":4},"end":{"line":28,"column":5}},"loc":{"start":{"line":28,"column":20},"end":{"line":48,"column":5}},"line":28},"3":{"name":"(anonymous_3)","decl":{"start":{"line":54,"column":4},"end":{"line":54,"column":5}},"loc":{"start":{"line":54,"column":20},"end":{"line":67,"column":5}},"line":54}},"branchMap":{"0":{"loc":{"start":{"line":30,"column":8},"end":{"line":44,"column":9}},"type":"if","locations":[{"start":{"line":30,"column":8},"end":{"line":44,"column":9}},{"start":{},"end":{}}],"line":30},"1":{"loc":{"start":{"line":34,"column":10},"end":{"line":43,"column":11}},"type":"if","locations":[{"start":{"line":34,"column":10},"end":{"line":43,"column":11}},{"start":{},"end":{}}],"line":34},"2":{"loc":{"start":{"line":34,"column":14},"end":{"line":34,"column":38}},"type":"binary-expr","locations":[{"start":{"line":34,"column":14},"end":{"line":34,"column":20}},{"start":{"line":34,"column":24},"end":{"line":34,"column":38}}],"line":34}},"s":{"0":2,"1":2,"2":2,"3":2,"4":0,"5":0,"6":0,"7":0,"8":0,"9":0,"10":0,"11":0,"12":0,"13":0,"14":0,"15":0,"16":0,"17":0,"18":0,"19":0,"20":0,"21":0,"22":0,"23":0,"24":2},"f":{"0":0,"1":0,"2":0,"3":0},"b":{"0":[0,0],"1":[0,0],"2":[0,0]},"_coverageSchema":"1a1c01bbd47fc00a2c39e90264f33305004495a9","hash":"ddb2ac980caf98554e74b1e1d998cb1d804e3618"}
,"C:\\Users\\PC\\Desktop\\RECYCLE\\EcoReport\\backend\\src\\events\\consumers\\status.consumer.js": {"path":"C:\\Users\\PC\\Desktop\\RECYCLE\\EcoReport\\backend\\src\\events\\consumers\\status.consumer.js","statementMap":{"0":{"start":{"line":1,"column":15},"end":{"line":1,"column":35}},"1":{"start":{"line":3,"column":28},"end":{"line":19,"column":1}},"2":{"start":{"line":4,"column":2},"end":{"line":4,"column":45}},"3":{"start":{"line":6,"column":2},"end":{"line":16,"column":4}},"4":{"start":{"line":9,"column":6},"end":{"line":14,"column":9}},"5":{"start":{"line":18,"column":2},"end":{"line":18,"column":41}},"6":{"start":{"line":21,"column":0},"end":{"line":21,"column":37}}},"fnMap":{"0":{"name":"(anonymous_0)","decl":{"start":{"line":3,"column":28},"end":{"line":3,"column":29}},"loc":{"start":{"line":3,"column":40},"end":{"line":19,"column":1}},"line":3},"1":{"name":"(anonymous_1)","decl":{"start":{"line":8,"column":4},"end":{"line":8,"column":5}},"loc":{"start":{"line":8,"column":21},"end":{"line":15,"column":5}},"line":8}},"branchMap":{},"s":{"0":2,"1":2,"2":0,"3":0,"4":0,"5":0,"6":2},"f":{"0":0,"1":0},"b":{},"_coverageSchema":"1a1c01bbd47fc00a2c39e90264f33305004495a9","hash":"145316ed92eeea1d13dd660e09164bb5e46081a9"}
,"C:\\Users\\PC\\Desktop\\RECYCLE\\EcoReport\\backend\\src\\middleware\\auth.js": {"path":"C:\\Users\\PC\\Desktop\\RECYCLE\\EcoReport\\backend\\src\\middleware\\auth.js","statementMap":{"0":{"start":{"line":1,"column":12},"end":{"line":1,"column":35}},"1":{"start":{"line":3,"column":23},"end":{"line":30,"column":1}},"2":{"start":{"line":4,"column":2},"end":{"line":29,"column":3}},"3":{"start":{"line":6,"column":23},"end":{"line":6,"column":48}},"4":{"start":{"line":8,"column":4},"end":{"line":12,"column":5}},"5":{"start":{"line":9,"column":6},"end":{"line":11,"column":9}},"6":{"start":{"line":15,"column":18},"end":{"line":15,"column":42}},"7":{"start":{"line":18,"column":20},"end":{"line":18,"column":61}},"8":{"start":{"line":21,"column":4},"end":{"line":21,"column":23}},"9":{"start":{"line":23,"column":4},"end":{"line":23,"column":11}},"10":{"start":{"line":26,"column":4},"end":{"line":28,"column":7}},"11":{"start":{"line":32,"column":0},"end":{"line":32,"column":32}}},"fnMap":{"0":{"name":"(anonymous_0)","decl":{"start":{"line":3,"column":23},"end":{"line":3,"column":24}},"loc":{"start":{"line":3,"column":43},"end":{"line":30,"column":1}},"line":3}},"branchMap":{"0":{"loc":{"start":{"line":8,"column":4},"end":{"line":12,"column":5}},"type":"if","locations":[{"start":{"line":8,"column":4},"end":{"line":12,"column":5}},{"start":{},"end":{}}],"line":8},"1":{"loc":{"start":{"line":8,"column":8},"end":{"line":8,"column":56}},"type":"binary-expr","locations":[{"start":{"line":8,"column":8},"end":{"line":8,"column":19}},{"start":{"line":8,"column":23},"end":{"line":8,"column":56}}],"line":8}},"s":{"0":2,"1":2,"2":0,"3":0,"4":0,"5":0,"6":0,"7":0,"8":0,"9":0,"10":0,"11":2},"f":{"0":0},"b":{"0":[0,0],"1":[0,0]},"_coverageSchema":"1a1c01bbd47fc00a2c39e90264f33305004495a9","hash":"e1b81437976eab26b81114276e6aeff1184d67ab"}
,"C:\\Users\\PC\\Desktop\\RECYCLE\\EcoReport\\backend\\src\\modules\\admin\\admin.controller.js": {"path":"C:\\Users\\PC\\Desktop\\RECYCLE\\EcoReport\\backend\\src\\modules\\admin\\admin.controller.js","statementMap":{"0":{"start":{"line":1,"column":21},"end":{"line":1,"column":47}},"1":{"start":{"line":3,"column":20},"end":{"line":16,"column":1}},"2":{"start":{"line":4,"column":2},"end":{"line":15,"column":3}},"3":{"start":{"line":5,"column":18},"end":{"line":5,"column":50}},"4":{"start":{"line":6,"column":4},"end":{"line":9,"column":7}},"5":{"start":{"line":11,"column":4},"end":{"line":14,"column":7}},"6":{"start":{"line":18,"column":19},"end":{"line":40,"column":1}},"7":{"start":{"line":19,"column":2},"end":{"line":39,"column":3}},"8":{"start":{"line":20,"column":17},"end":{"line":22,"column":5}},"9":{"start":{"line":23,"column":4},"end":{"line":28,"column":5}},"10":{"start":{"line":24,"column":6},"end":{"line":27,"column":9}},"11":{"start":{"line":29,"column":4},"end":{"line":33,"column":7}},"12":{"start":{"line":35,"column":4},"end":{"line":38,"column":7}},"13":{"start":{"line":42,"column":23},"end":{"line":60,"column":1}},"14":{"start":{"line":43,"column":2},"end":{"line":59,"column":3}},"15":{"start":{"line":44,"column":21},"end":{"line":44,"column":29}},"16":{"start":{"line":45,"column":17},"end":{"line":48,"column":5}},"17":{"start":{"line":49,"column":4},"end":{"line":53,"column":7}},"18":{"start":{"line":55,"column":4},"end":{"line":58,"column":7}},"19":{"start":{"line":62,"column":21},"end":{"line":84,"column":1}},"20":{"start":{"line":63,"column":2},"end":{"line":83,"column":3}},"21":{"start":{"line":64,"column":19},"end":{"line":66,"column":5}},"22":{"start":{"line":67,"column":4},"end":{"line":72,"column":5}},"23":{"start":{"line":68,"column":6},"end":{"line":71,"column":9}},"24":{"start":{"line":73,"column":4},"end":{"line":77,"column":7}},"25":{"start":{"line":79,"column":4},"end":{"line":82,"column":7}},"26":{"start":{"line":86,"column":22},"end":{"line":99,"column":1}},"27":{"start":{"line":87,"column":2},"end":{"line":98,"column":3}},"28":{"start":{"line":88,"column":18},"end":{"line":88,"column":52}},"29":{"start":{"line":89,"column":4},"end":{"line":92,"column":7}},"30":{"start":{"line":94,"column":4},"end":{"line":97,"column":7}},"31":{"start":{"line":101,"column":0},"end":{"line":107,"column":2}}},"fnMap":{"0":{"name":"(anonymous_0)","decl":{"start":{"line":3,"column":20},"end":{"line":3,"column":21}},"loc":{"start":{"line":3,"column":40},"end":{"line":16,"column":1}},"line":3},"1":{"name":"(anonymous_1)","decl":{"start":{"line":18,"column":19},"end":{"line":18,"column":20}},"loc":{"start":{"line":18,"column":39},"end":{"line":40,"column":1}},"line":18},"2":{"name":"(anonymous_2)","decl":{"start":{"line":42,"column":23},"end":{"line":42,"column":24}},"loc":{"start":{"line":42,"column":43},"end":{"line":60,"column":1}},"line":42},"3":{"name":"(anonymous_3)","decl":{"start":{"line":62,"column":21},"end":{"line":62,"column":22}},"loc":{"start":{"line":62,"column":41},"end":{"line":84,"column":1}},"line":62},"4":{"name":"(anonymous_4)","decl":{"start":{"line":86,"column":22},"end":{"line":86,"column":23}},"loc":{"start":{"line":86,"column":42},"end":{"line":99,"column":1}},"line":86}},"branchMap":{"0":{"loc":{"start":{"line":23,"column":4},"end":{"line":28,"column":5}},"type":"if","locations":[{"start":{"line":23,"column":4},"end":{"line":28,"column":5}},{"start":{},"end":{}}],"line":23},"1":{"loc":{"start":{"line":67,"column":4},"end":{"line":72,"column":5}},"type":"if","locations":[{"start":{"line":67,"column":4},"end":{"line":72,"column":5}},{"start":{},"end":{}}],"line":67}},"s":{"0":2,"1":2,"2":0,"3":0,"4":0,"5":0,"6":2,"7":0,"8":0,"9":0,"10":0,"11":0,"12":0,"13":2,"14":0,"15":0,"16":0,"17":0,"18":0,"19":2,"20":0,"21":0,"22":0,"23":0,"24":0,"25":0,"26":2,"27":0,"28":0,"29":0,"30":0,"31":2},"f":{"0":0,"1":0,"2":0,"3":0,"4":0},"b":{"0":[0,0],"1":[0,0]},"_coverageSchema":"1a1c01bbd47fc00a2c39e90264f33305004495a9","hash":"db0cc0a86820cc420e367c54cff24a11d8223eba"}
,"C:\\Users\\PC\\Desktop\\RECYCLE\\EcoReport\\backend\\src\\modules\\admin\\admin.model.js": {"path":"C:\\Users\\PC\\Desktop\\RECYCLE\\EcoReport\\backend\\src\\modules\\admin\\admin.model.js","statementMap":{"0":{"start":{"line":1,"column":20},"end":{"line":1,"column":52}},"1":{"start":{"line":2,"column":11},"end":{"line":2,"column":24}},"2":{"start":{"line":4,"column":20},"end":{"line":11,"column":1}},"3":{"start":{"line":5,"column":17},"end":{"line":9,"column":3}},"4":{"start":{"line":10,"column":2},"end":{"line":10,"column":21}},"5":{"start":{"line":13,"column":19},"end":{"line":21,"column":1}},"6":{"start":{"line":14,"column":17},"end":{"line":19,"column":3}},"7":{"start":{"line":20,"column":2},"end":{"line":20,"column":24}},"8":{"start":{"line":23,"column":23},"end":{"line":32,"column":1}},"9":{"start":{"line":24,"column":17},"end":{"line":30,"column":3}},"10":{"start":{"line":31,"column":2},"end":{"line":31,"column":24}},"11":{"start":{"line":34,"column":21},"end":{"line":42,"column":1}},"12":{"start":{"line":35,"column":17},"end":{"line":40,"column":3}},"13":{"start":{"line":41,"column":2},"end":{"line":41,"column":24}},"14":{"start":{"line":44,"column":22},"end":{"line":72,"column":1}},"15":{"start":{"line":45,"column":16},"end":{"line":53,"column":3}},"16":{"start":{"line":55,"column":18},"end":{"line":61,"column":3}},"17":{"start":{"line":63,"column":20},"end":{"line":65,"column":3}},"18":{"start":{"line":67,"column":2},"end":{"line":71,"column":4}},"19":{"start":{"line":74,"column":0},"end":{"line":80,"column":2}}},"fnMap":{"0":{"name":"(anonymous_0)","decl":{"start":{"line":4,"column":20},"end":{"line":4,"column":21}},"loc":{"start":{"line":4,"column":32},"end":{"line":11,"column":1}},"line":4},"1":{"name":"(anonymous_1)","decl":{"start":{"line":13,"column":19},"end":{"line":13,"column":20}},"loc":{"start":{"line":13,"column":37},"end":{"line":21,"column":1}},"line":13},"2":{"name":"(anonymous_2)","decl":{"start":{"line":23,"column":23},"end":{"line":23,"column":24}},"loc":{"start":{"line":23,"column":47},"end":{"line":32,"column":1}},"line":23},"3":{"name":"(anonymous_3)","decl":{"start":{"line":34,"column":21},"end":{"line":34,"column":22}},"loc":{"start":{"line":34,"column":41},"end":{"line":42,"column":1}},"line":34},"4":{"name":"(anonymous_4)","decl":{"start":{"line":44,"column":22},"end":{"line":44,"column":23}},"loc":{"start":{"line":44,"column":34},"end":{"line":72,"column":1}},"line":44}},"branchMap":{},"s":{"0":2,"1":2,"2":2,"3":0,"4":0,"5":2,"6":0,"7":0,"8":2,"9":0,"10":0,"11":2,"12":0,"13":0,"14":2,"15":0,"16":0,"17":0,"18":0,"19":2},"f":{"0":0,"1":0,"2":0,"3":0,"4":0},"b":{},"_coverageSchema":"1a1c01bbd47fc00a2c39e90264f33305004495a9","hash":"25da3269dbce115b30baf283ab07105452826256"}
,"C:\\Users\\PC\\Desktop\\RECYCLE\\EcoReport\\backend\\src\\modules\\admin\\admin.routes.js": {"path":"C:\\Users\\PC\\Desktop\\RECYCLE\\EcoReport\\backend\\src\\modules\\admin\\admin.routes.js","statementMap":{"0":{"start":{"line":1,"column":16},"end":{"line":1,"column":34}},"1":{"start":{"line":2,"column":15},"end":{"line":2,"column":31}},"2":{"start":{"line":3,"column":24},"end":{"line":3,"column":53}},"3":{"start":{"line":4,"column":23},"end":{"line":4,"column":55}},"4":{"start":{"line":5,"column":23},"end":{"line":5,"column":62}},"5":{"start":{"line":9,"column":0},"end":{"line":9,"column":27}},"6":{"start":{"line":10,"column":0},"end":{"line":10,"column":38}},"7":{"start":{"line":12,"column":0},"end":{"line":15,"column":2}},"8":{"start":{"line":17,"column":0},"end":{"line":20,"column":2}},"9":{"start":{"line":22,"column":0},"end":{"line":25,"column":2}},"10":{"start":{"line":27,"column":0},"end":{"line":30,"column":2}},"11":{"start":{"line":32,"column":0},"end":{"line":35,"column":2}},"12":{"start":{"line":37,"column":0},"end":{"line":37,"column":24}}},"fnMap":{},"branchMap":{},"s":{"0":2,"1":2,"2":2,"3":2,"4":2,"5":2,"6":2,"7":2,"8":2,"9":2,"10":2,"11":2,"12":2},"f":{},"b":{},"_coverageSchema":"1a1c01bbd47fc00a2c39e90264f33305004495a9","hash":"7e3f08b822efd4b7a94f07877bb59e028078d8d6"}
,"C:\\Users\\PC\\Desktop\\RECYCLE\\EcoReport\\backend\\src\\modules\\admin\\admin.service.js": {"path":"C:\\Users\\PC\\Desktop\\RECYCLE\\EcoReport\\backend\\src\\modules\\admin\\admin.service.js","statementMap":{"0":{"start":{"line":1,"column":19},"end":{"line":1,"column":43}},"1":{"start":{"line":2,"column":15},"end":{"line":2,"column":45}},"2":{"start":{"line":4,"column":20},"end":{"line":6,"column":1}},"3":{"start":{"line":5,"column":2},"end":{"line":5,"column":40}},"4":{"start":{"line":8,"column":19},"end":{"line":17,"column":1}},"5":{"start":{"line":9,"column":15},"end":{"line":9,"column":50}},"6":{"start":{"line":11,"column":2},"end":{"line":14,"column":5}},"7":{"start":{"line":16,"column":2},"end":{"line":16,"column":14}},"8":{"start":{"line":19,"column":23},"end":{"line":28,"column":1}},"9":{"start":{"line":20,"column":15},"end":{"line":20,"column":60}},"10":{"start":{"line":22,"column":2},"end":{"line":25,"column":5}},"11":{"start":{"line":27,"column":2},"end":{"line":27,"column":14}},"12":{"start":{"line":30,"column":21},"end":{"line":39,"column":1}},"13":{"start":{"line":31,"column":17},"end":{"line":31,"column":56}},"14":{"start":{"line":33,"column":2},"end":{"line":36,"column":5}},"15":{"start":{"line":38,"column":2},"end":{"line":38,"column":16}},"16":{"start":{"line":41,"column":22},"end":{"line":43,"column":1}},"17":{"start":{"line":42,"column":2},"end":{"line":42,"column":42}},"18":{"start":{"line":45,"column":0},"end":{"line":51,"column":2}}},"fnMap":{"0":{"name":"(anonymous_0)","decl":{"start":{"line":4,"column":20},"end":{"line":4,"column":21}},"loc":{"start":{"line":4,"column":32},"end":{"line":6,"column":1}},"line":4},"1":{"name":"(anonymous_1)","decl":{"start":{"line":8,"column":19},"end":{"line":8,"column":20}},"loc":{"start":{"line":8,"column":37},"end":{"line":17,"column":1}},"line":8},"2":{"name":"(anonymous_2)","decl":{"start":{"line":19,"column":23},"end":{"line":19,"column":24}},"loc":{"start":{"line":19,"column":47},"end":{"line":28,"column":1}},"line":19},"3":{"name":"(anonymous_3)","decl":{"start":{"line":30,"column":21},"end":{"line":30,"column":22}},"loc":{"start":{"line":30,"column":41},"end":{"line":39,"column":1}},"line":30},"4":{"name":"(anonymous_4)","decl":{"start":{"line":41,"column":22},"end":{"line":41,"column":23}},"loc":{"start":{"line":41,"column":34},"end":{"line":43,"column":1}},"line":41}},"branchMap":{},"s":{"0":2,"1":2,"2":2,"3":0,"4":2,"5":0,"6":0,"7":0,"8":2,"9":0,"10":0,"11":0,"12":2,"13":0,"14":0,"15":0,"16":2,"17":0,"18":2},"f":{"0":0,"1":0,"2":0,"3":0,"4":0},"b":{},"_coverageSchema":"1a1c01bbd47fc00a2c39e90264f33305004495a9","hash":"04ce46ff8af8359246591c3054adf1eb9568a060"}
,"C:\\Users\\PC\\Desktop\\RECYCLE\\EcoReport\\backend\\src\\modules\\association\\association.controller.js": {"path":"C:\\Users\\PC\\Desktop\\RECYCLE\\EcoReport\\backend\\src\\modules\\association\\association.controller.js","statementMap":{"0":{"start":{"line":1,"column":27},"end":{"line":1,"column":59}},"1":{"start":{"line":3,"column":23},"end":{"line":18,"column":1}},"2":{"start":{"line":4,"column":2},"end":{"line":17,"column":3}},"3":{"start":{"line":5,"column":20},"end":{"line":7,"column":5}},"4":{"start":{"line":8,"column":4},"end":{"line":11,"column":7}},"5":{"start":{"line":13,"column":4},"end":{"line":16,"column":7}},"6":{"start":{"line":20,"column":27},"end":{"line":39,"column":1}},"7":{"start":{"line":21,"column":2},"end":{"line":38,"column":3}},"8":{"start":{"line":22,"column":23},"end":{"line":22,"column":31}},"9":{"start":{"line":23,"column":19},"end":{"line":27,"column":5}},"10":{"start":{"line":28,"column":4},"end":{"line":32,"column":7}},"11":{"start":{"line":34,"column":4},"end":{"line":37,"column":7}},"12":{"start":{"line":41,"column":28},"end":{"line":56,"column":1}},"13":{"start":{"line":42,"column":2},"end":{"line":55,"column":3}},"14":{"start":{"line":43,"column":18},"end":{"line":45,"column":5}},"15":{"start":{"line":46,"column":4},"end":{"line":49,"column":7}},"16":{"start":{"line":51,"column":4},"end":{"line":54,"column":7}},"17":{"start":{"line":58,"column":32},"end":{"line":73,"column":1}},"18":{"start":{"line":59,"column":2},"end":{"line":72,"column":3}},"19":{"start":{"line":60,"column":22},"end":{"line":62,"column":5}},"20":{"start":{"line":63,"column":4},"end":{"line":66,"column":7}},"21":{"start":{"line":68,"column":4},"end":{"line":71,"column":7}},"22":{"start":{"line":75,"column":0},"end":{"line":80,"column":2}}},"fnMap":{"0":{"name":"(anonymous_0)","decl":{"start":{"line":3,"column":23},"end":{"line":3,"column":24}},"loc":{"start":{"line":3,"column":43},"end":{"line":18,"column":1}},"line":3},"1":{"name":"(anonymous_1)","decl":{"start":{"line":20,"column":27},"end":{"line":20,"column":28}},"loc":{"start":{"line":20,"column":47},"end":{"line":39,"column":1}},"line":20},"2":{"name":"(anonymous_2)","decl":{"start":{"line":41,"column":28},"end":{"line":41,"column":29}},"loc":{"start":{"line":41,"column":48},"end":{"line":56,"column":1}},"line":41},"3":{"name":"(anonymous_3)","decl":{"start":{"line":58,"column":32},"end":{"line":58,"column":33}},"loc":{"start":{"line":58,"column":52},"end":{"line":73,"column":1}},"line":58}},"branchMap":{},"s":{"0":2,"1":2,"2":0,"3":0,"4":0,"5":0,"6":2,"7":0,"8":0,"9":0,"10":0,"11":0,"12":2,"13":0,"14":0,"15":0,"16":0,"17":2,"18":0,"19":0,"20":0,"21":0,"22":2},"f":{"0":0,"1":0,"2":0,"3":0},"b":{},"_coverageSchema":"1a1c01bbd47fc00a2c39e90264f33305004495a9","hash":"79a459a8d99837a018e2efb9b5e4a1f9647df8f9"}
,"C:\\Users\\PC\\Desktop\\RECYCLE\\EcoReport\\backend\\src\\modules\\association\\association.model.js": {"path":"C:\\Users\\PC\\Desktop\\RECYCLE\\EcoReport\\backend\\src\\modules\\association\\association.model.js","statementMap":{"0":{"start":{"line":1,"column":20},"end":{"line":1,"column":52}},"1":{"start":{"line":2,"column":11},"end":{"line":2,"column":24}},"2":{"start":{"line":4,"column":23},"end":{"line":14,"column":1}},"3":{"start":{"line":5,"column":17},"end":{"line":12,"column":3}},"4":{"start":{"line":13,"column":2},"end":{"line":13,"column":21}},"5":{"start":{"line":16,"column":27},"end":{"line":28,"column":1}},"6":{"start":{"line":19,"column":17},"end":{"line":26,"column":3}},"7":{"start":{"line":27,"column":2},"end":{"line":27,"column":24}},"8":{"start":{"line":30,"column":28},"end":{"line":57,"column":1}},"9":{"start":{"line":31,"column":20},"end":{"line":36,"column":3}},"10":{"start":{"line":38,"column":23},"end":{"line":44,"column":3}},"11":{"start":{"line":46,"column":19},"end":{"line":50,"column":3}},"12":{"start":{"line":52,"column":2},"end":{"line":56,"column":4}},"13":{"start":{"line":59,"column":32},"end":{"line":72,"column":1}},"14":{"start":{"line":60,"column":17},"end":{"line":70,"column":3}},"15":{"start":{"line":71,"column":2},"end":{"line":71,"column":21}},"16":{"start":{"line":74,"column":0},"end":{"line":79,"column":2}}},"fnMap":{"0":{"name":"(anonymous_0)","decl":{"start":{"line":4,"column":23},"end":{"line":4,"column":24}},"loc":{"start":{"line":4,"column":48},"end":{"line":14,"column":1}},"line":4},"1":{"name":"(anonymous_1)","decl":{"start":{"line":16,"column":27},"end":{"line":16,"column":28}},"loc":{"start":{"line":18,"column":5},"end":{"line":28,"column":1}},"line":18},"2":{"name":"(anonymous_2)","decl":{"start":{"line":30,"column":28},"end":{"line":30,"column":29}},"loc":{"start":{"line":30,"column":53},"end":{"line":57,"column":1}},"line":30},"3":{"name":"(anonymous_3)","decl":{"start":{"line":59,"column":32},"end":{"line":59,"column":33}},"loc":{"start":{"line":59,"column":57},"end":{"line":72,"column":1}},"line":59}},"branchMap":{},"s":{"0":2,"1":2,"2":2,"3":0,"4":0,"5":2,"6":0,"7":0,"8":2,"9":0,"10":0,"11":0,"12":0,"13":2,"14":0,"15":0,"16":2},"f":{"0":0,"1":0,"2":0,"3":0},"b":{},"_coverageSchema":"1a1c01bbd47fc00a2c39e90264f33305004495a9","hash":"4309a0f3ca39505eddc62ef9443b4d1bbf22c24d"}
,"C:\\Users\\PC\\Desktop\\RECYCLE\\EcoReport\\backend\\src\\modules\\association\\association.profile.controller.js": {"path":"C:\\Users\\PC\\Desktop\\RECYCLE\\EcoReport\\backend\\src\\modules\\association\\association.profile.controller.js","statementMap":{"0":{"start":{"line":1,"column":23},"end":{"line":1,"column":63}},"1":{"start":{"line":3,"column":23},"end":{"line":18,"column":1}},"2":{"start":{"line":4,"column":2},"end":{"line":17,"column":3}},"3":{"start":{"line":5,"column":20},"end":{"line":7,"column":5}},"4":{"start":{"line":8,"column":4},"end":{"line":11,"column":7}},"5":{"start":{"line":13,"column":4},"end":{"line":16,"column":7}},"6":{"start":{"line":20,"column":22},"end":{"line":37,"column":1}},"7":{"start":{"line":21,"column":2},"end":{"line":36,"column":3}},"8":{"start":{"line":22,"column":20},"end":{"line":25,"column":5}},"9":{"start":{"line":26,"column":4},"end":{"line":30,"column":7}},"10":{"start":{"line":32,"column":4},"end":{"line":35,"column":7}},"11":{"start":{"line":39,"column":23},"end":{"line":58,"column":1}},"12":{"start":{"line":40,"column":2},"end":{"line":57,"column":3}},"13":{"start":{"line":41,"column":35},"end":{"line":41,"column":43}},"14":{"start":{"line":42,"column":24},"end":{"line":46,"column":5}},"15":{"start":{"line":47,"column":4},"end":{"line":51,"column":7}},"16":{"start":{"line":53,"column":4},"end":{"line":56,"column":7}},"17":{"start":{"line":60,"column":24},"end":{"line":75,"column":1}},"18":{"start":{"line":61,"column":2},"end":{"line":74,"column":3}},"19":{"start":{"line":62,"column":25},"end":{"line":64,"column":5}},"20":{"start":{"line":65,"column":4},"end":{"line":68,"column":7}},"21":{"start":{"line":70,"column":4},"end":{"line":73,"column":7}},"22":{"start":{"line":77,"column":0},"end":{"line":82,"column":2}}},"fnMap":{"0":{"name":"(anonymous_0)","decl":{"start":{"line":3,"column":23},"end":{"line":3,"column":24}},"loc":{"start":{"line":3,"column":43},"end":{"line":18,"column":1}},"line":3},"1":{"name":"(anonymous_1)","decl":{"start":{"line":20,"column":22},"end":{"line":20,"column":23}},"loc":{"start":{"line":20,"column":42},"end":{"line":37,"column":1}},"line":20},"2":{"name":"(anonymous_2)","decl":{"start":{"line":39,"column":23},"end":{"line":39,"column":24}},"loc":{"start":{"line":39,"column":43},"end":{"line":58,"column":1}},"line":39},"3":{"name":"(anonymous_3)","decl":{"start":{"line":60,"column":24},"end":{"line":60,"column":25}},"loc":{"start":{"line":60,"column":44},"end":{"line":75,"column":1}},"line":60}},"branchMap":{},"s":{"0":2,"1":2,"2":0,"3":0,"4":0,"5":0,"6":2,"7":0,"8":0,"9":0,"10":0,"11":2,"12":0,"13":0,"14":0,"15":0,"16":0,"17":2,"18":0,"19":0,"20":0,"21":0,"22":2},"f":{"0":0,"1":0,"2":0,"3":0},"b":{},"_coverageSchema":"1a1c01bbd47fc00a2c39e90264f33305004495a9","hash":"108e1d74c0672fcbc9ba955339f8805d2a8b49b7"}
,"C:\\Users\\PC\\Desktop\\RECYCLE\\EcoReport\\backend\\src\\modules\\association\\association.profile.model.js": {"path":"C:\\Users\\PC\\Desktop\\RECYCLE\\EcoReport\\backend\\src\\modules\\association\\association.profile.model.js","statementMap":{"0":{"start":{"line":1,"column":20},"end":{"line":1,"column":52}},"1":{"start":{"line":2,"column":11},"end":{"line":2,"column":24}},"2":{"start":{"line":4,"column":19},"end":{"line":13,"column":1}},"3":{"start":{"line":5,"column":17},"end":{"line":11,"column":3}},"4":{"start":{"line":12,"column":2},"end":{"line":12,"column":24}},"5":{"start":{"line":15,"column":22},"end":{"line":43,"column":1}},"6":{"start":{"line":19,"column":6},"end":{"line":19,"column":17}},"7":{"start":{"line":21,"column":17},"end":{"line":41,"column":3}},"8":{"start":{"line":42,"column":2},"end":{"line":42,"column":24}},"9":{"start":{"line":45,"column":24},"end":{"line":53,"column":1}},"10":{"start":{"line":46,"column":17},"end":{"line":51,"column":3}},"11":{"start":{"line":52,"column":2},"end":{"line":52,"column":21}},"12":{"start":{"line":55,"column":23},"end":{"line":66,"column":1}},"13":{"start":{"line":58,"column":17},"end":{"line":64,"column":3}},"14":{"start":{"line":65,"column":2},"end":{"line":65,"column":24}},"15":{"start":{"line":68,"column":23},"end":{"line":90,"column":1}},"16":{"start":{"line":69,"column":18},"end":{"line":69,"column":49}},"17":{"start":{"line":70,"column":23},"end":{"line":70,"column":59}},"18":{"start":{"line":72,"column":16},"end":{"line":83,"column":3}},"19":{"start":{"line":85,"column":2},"end":{"line":89,"column":4}},"20":{"start":{"line":92,"column":0},"end":{"line":98,"column":2}}},"fnMap":{"0":{"name":"(anonymous_0)","decl":{"start":{"line":4,"column":19},"end":{"line":4,"column":20}},"loc":{"start":{"line":4,"column":44},"end":{"line":13,"column":1}},"line":4},"1":{"name":"(anonymous_1)","decl":{"start":{"line":15,"column":22},"end":{"line":15,"column":23}},"loc":{"start":{"line":15,"column":60},"end":{"line":43,"column":1}},"line":15},"2":{"name":"(anonymous_2)","decl":{"start":{"line":45,"column":24},"end":{"line":45,"column":25}},"loc":{"start":{"line":45,"column":49},"end":{"line":53,"column":1}},"line":45},"3":{"name":"(anonymous_3)","decl":{"start":{"line":55,"column":23},"end":{"line":55,"column":24}},"loc":{"start":{"line":57,"column":5},"end":{"line":66,"column":1}},"line":57},"4":{"name":"(anonymous_4)","decl":{"start":{"line":68,"column":23},"end":{"line":68,"column":24}},"loc":{"start":{"line":68,"column":48},"end":{"line":90,"column":1}},"line":68}},"branchMap":{},"s":{"0":2,"1":2,"2":2,"3":0,"4":0,"5":2,"6":0,"7":0,"8":0,"9":2,"10":0,"11":0,"12":2,"13":0,"14":0,"15":2,"16":0,"17":0,"18":0,"19":0,"20":2},"f":{"0":0,"1":0,"2":0,"3":0,"4":0},"b":{},"_coverageSchema":"1a1c01bbd47fc00a2c39e90264f33305004495a9","hash":"e5dafb5a48aed01c6949dec71aebd18ba420433a"}
,"C:\\Users\\PC\\Desktop\\RECYCLE\\EcoReport\\backend\\src\\modules\\association\\association.profile.service.js": {"path":"C:\\Users\\PC\\Desktop\\RECYCLE\\EcoReport\\backend\\src\\modules\\association\\association.profile.service.js","statementMap":{"0":{"start":{"line":1,"column":21},"end":{"line":1,"column":59}},"1":{"start":{"line":3,"column":23},"end":{"line":5,"column":1}},"2":{"start":{"line":4,"column":2},"end":{"line":4,"column":58}},"3":{"start":{"line":7,"column":22},"end":{"line":11,"column":1}},"4":{"start":{"line":8,"column":2},"end":{"line":10,"column":4}},"5":{"start":{"line":13,"column":23},"end":{"line":19,"column":1}},"6":{"start":{"line":16,"column":2},"end":{"line":18,"column":4}},"7":{"start":{"line":21,"column":24},"end":{"line":23,"column":1}},"8":{"start":{"line":22,"column":2},"end":{"line":22,"column":59}},"9":{"start":{"line":25,"column":0},"end":{"line":30,"column":2}}},"fnMap":{"0":{"name":"(anonymous_0)","decl":{"start":{"line":3,"column":23},"end":{"line":3,"column":24}},"loc":{"start":{"line":3,"column":48},"end":{"line":5,"column":1}},"line":3},"1":{"name":"(anonymous_1)","decl":{"start":{"line":7,"column":22},"end":{"line":7,"column":23}},"loc":{"start":{"line":7,"column":60},"end":{"line":11,"column":1}},"line":7},"2":{"name":"(anonymous_2)","decl":{"start":{"line":13,"column":23},"end":{"line":13,"column":24}},"loc":{"start":{"line":15,"column":5},"end":{"line":19,"column":1}},"line":15},"3":{"name":"(anonymous_3)","decl":{"start":{"line":21,"column":24},"end":{"line":21,"column":25}},"loc":{"start":{"line":21,"column":49},"end":{"line":23,"column":1}},"line":21}},"branchMap":{},"s":{"0":2,"1":2,"2":0,"3":2,"4":0,"5":2,"6":0,"7":2,"8":0,"9":2},"f":{"0":0,"1":0,"2":0,"3":0},"b":{},"_coverageSchema":"1a1c01bbd47fc00a2c39e90264f33305004495a9","hash":"4343dba7cd57c8089e64cd3a652158738a1bead2"}
,"C:\\Users\\PC\\Desktop\\RECYCLE\\EcoReport\\backend\\src\\modules\\association\\association.routes.js": {"path":"C:\\Users\\PC\\Desktop\\RECYCLE\\EcoReport\\backend\\src\\modules\\association\\association.routes.js","statementMap":{"0":{"start":{"line":1,"column":16},"end":{"line":1,"column":34}},"1":{"start":{"line":2,"column":15},"end":{"line":2,"column":31}},"2":{"start":{"line":3,"column":30},"end":{"line":3,"column":65}},"3":{"start":{"line":4,"column":23},"end":{"line":4,"column":55}},"4":{"start":{"line":5,"column":23},"end":{"line":5,"column":62}},"5":{"start":{"line":9,"column":0},"end":{"line":9,"column":27}},"6":{"start":{"line":10,"column":0},"end":{"line":10,"column":44}},"7":{"start":{"line":12,"column":0},"end":{"line":15,"column":2}},"8":{"start":{"line":17,"column":0},"end":{"line":20,"column":2}},"9":{"start":{"line":22,"column":0},"end":{"line":25,"column":2}},"10":{"start":{"line":27,"column":0},"end":{"line":30,"column":2}},"11":{"start":{"line":32,"column":26},"end":{"line":32,"column":69}},"12":{"start":{"line":35,"column":0},"end":{"line":38,"column":2}},"13":{"start":{"line":40,"column":0},"end":{"line":43,"column":2}},"14":{"start":{"line":45,"column":0},"end":{"line":48,"column":2}},"15":{"start":{"line":50,"column":0},"end":{"line":53,"column":2}},"16":{"start":{"line":55,"column":0},"end":{"line":55,"column":24}}},"fnMap":{},"branchMap":{},"s":{"0":2,"1":2,"2":2,"3":2,"4":2,"5":2,"6":2,"7":2,"8":2,"9":2,"10":2,"11":2,"12":2,"13":2,"14":2,"15":2,"16":2},"f":{},"b":{},"_coverageSchema":"1a1c01bbd47fc00a2c39e90264f33305004495a9","hash":"10628bf2c46e492d757225908feb3e77633dc46b"}
,"C:\\Users\\PC\\Desktop\\RECYCLE\\EcoReport\\backend\\src\\modules\\association\\association.service.js": {"path":"C:\\Users\\PC\\Desktop\\RECYCLE\\EcoReport\\backend\\src\\modules\\association\\association.service.js","statementMap":{"0":{"start":{"line":1,"column":25},"end":{"line":1,"column":55}},"1":{"start":{"line":2,"column":15},"end":{"line":2,"column":45}},"2":{"start":{"line":4,"column":23},"end":{"line":6,"column":1}},"3":{"start":{"line":5,"column":2},"end":{"line":5,"column":62}},"4":{"start":{"line":8,"column":27},"end":{"line":23,"column":1}},"5":{"start":{"line":11,"column":17},"end":{"line":13,"column":3}},"6":{"start":{"line":15,"column":2},"end":{"line":20,"column":5}},"7":{"start":{"line":22,"column":2},"end":{"line":22,"column":16}},"8":{"start":{"line":25,"column":28},"end":{"line":29,"column":1}},"9":{"start":{"line":26,"column":2},"end":{"line":28,"column":4}},"10":{"start":{"line":31,"column":32},"end":{"line":35,"column":1}},"11":{"start":{"line":32,"column":2},"end":{"line":34,"column":4}},"12":{"start":{"line":37,"column":0},"end":{"line":42,"column":2}}},"fnMap":{"0":{"name":"(anonymous_0)","decl":{"start":{"line":4,"column":23},"end":{"line":4,"column":24}},"loc":{"start":{"line":4,"column":48},"end":{"line":6,"column":1}},"line":4},"1":{"name":"(anonymous_1)","decl":{"start":{"line":8,"column":27},"end":{"line":8,"column":28}},"loc":{"start":{"line":10,"column":5},"end":{"line":23,"column":1}},"line":10},"2":{"name":"(anonymous_2)","decl":{"start":{"line":25,"column":28},"end":{"line":25,"column":29}},"loc":{"start":{"line":25,"column":53},"end":{"line":29,"column":1}},"line":25},"3":{"name":"(anonymous_3)","decl":{"start":{"line":31,"column":32},"end":{"line":31,"column":33}},"loc":{"start":{"line":31,"column":57},"end":{"line":35,"column":1}},"line":31}},"branchMap":{},"s":{"0":2,"1":2,"2":2,"3":0,"4":2,"5":0,"6":0,"7":0,"8":2,"9":0,"10":2,"11":0,"12":2},"f":{"0":0,"1":0,"2":0,"3":0},"b":{},"_coverageSchema":"1a1c01bbd47fc00a2c39e90264f33305004495a9","hash":"91f6bfa102f425bc4c149b6611d0ebf5b771bede"}
,"C:\\Users\\PC\\Desktop\\RECYCLE\\EcoReport\\backend\\src\\modules\\auth\\auth.controller.js": {"path":"C:\\Users\\PC\\Desktop\\RECYCLE\\EcoReport\\backend\\src\\modules\\auth\\auth.controller.js","statementMap":{"0":{"start":{"line":2,"column":20},"end":{"line":2,"column":45}},"1":{"start":{"line":3,"column":17},"end":{"line":38,"column":1}},"2":{"start":{"line":4,"column":2},"end":{"line":37,"column":3}},"3":{"start":{"line":7,"column":44},"end":{"line":7,"column":52}},"4":{"start":{"line":10,"column":4},"end":{"line":15,"column":5}},"5":{"start":{"line":11,"column":6},"end":{"line":14,"column":9}},"6":{"start":{"line":18,"column":19},"end":{"line":23,"column":5}},"7":{"start":{"line":26,"column":4},"end":{"line":30,"column":7}},"8":{"start":{"line":33,"column":4},"end":{"line":36,"column":7}},"9":{"start":{"line":40,"column":14},"end":{"line":73,"column":1}},"10":{"start":{"line":41,"column":2},"end":{"line":72,"column":3}},"11":{"start":{"line":44,"column":32},"end":{"line":44,"column":40}},"12":{"start":{"line":47,"column":4},"end":{"line":52,"column":5}},"13":{"start":{"line":48,"column":6},"end":{"line":51,"column":9}},"14":{"start":{"line":55,"column":19},"end":{"line":58,"column":5}},"15":{"start":{"line":61,"column":4},"end":{"line":65,"column":7}},"16":{"start":{"line":68,"column":4},"end":{"line":71,"column":7}},"17":{"start":{"line":75,"column":0},"end":{"line":75,"column":37}}},"fnMap":{"0":{"name":"(anonymous_0)","decl":{"start":{"line":3,"column":17},"end":{"line":3,"column":18}},"loc":{"start":{"line":3,"column":37},"end":{"line":38,"column":1}},"line":3},"1":{"name":"(anonymous_1)","decl":{"start":{"line":40,"column":14},"end":{"line":40,"column":15}},"loc":{"start":{"line":40,"column":34},"end":{"line":73,"column":1}},"line":40}},"branchMap":{"0":{"loc":{"start":{"line":10,"column":4},"end":{"line":15,"column":5}},"type":"if","locations":[{"start":{"line":10,"column":4},"end":{"line":15,"column":5}},{"start":{},"end":{}}],"line":10},"1":{"loc":{"start":{"line":10,"column":8},"end":{"line":10,"column":36}},"type":"binary-expr","locations":[{"start":{"line":10,"column":8},"end":{"line":10,"column":13}},{"start":{"line":10,"column":17},"end":{"line":10,"column":23}},{"start":{"line":10,"column":27},"end":{"line":10,"column":36}}],"line":10},"2":{"loc":{"start":{"line":22,"column":6},"end":{"line":22,"column":23}},"type":"binary-expr","locations":[{"start":{"line":22,"column":6},"end":{"line":22,"column":10}},{"start":{"line":22,"column":14},"end":{"line":22,"column":2
[...]
tart":{"line":78,"column":26},"end":{"line":80,"column":1}},"19":{"start":{"line":79,"column":2},"end":{"line":79,"column":25}},"20":{"start":{"line":82,"column":21},"end":{"line":113,"column":1}},"21":{"start":{"line":83,"column":17},"end":{"line":83,"column":65}},"22":{"start":{"line":83,"column":43},"end":{"line":83,"column":64}},"23":{"start":{"line":84,"column":2},"end":{"line":84,"column":52}},"24":{"start":{"line":84,"column":15},"end":{"line":84,"column":52}},"25":{"start":{"line":86,"column":21},"end":{"line":86,"column":48}},"26":{"start":{"line":87,"column":22},"end":{"line":87,"column":68}},"27":{"start":{"line":88,"column":26},"end":{"line":88,"column":62}},"28":{"start":{"line":90,"column":2},"end":{"line":94,"column":3}},"29":{"start":{"line":91,"column":4},"end":{"line":93,"column":6}},"30":{"start":{"line":96,"column":21},"end":{"line":100,"column":3}},"31":{"start":{"line":102,"column":2},"end":{"line":107,"column":5}},"32":{"start":{"line":109,"column":2},"end":{"line":112,"column":4}},"33":{"start":{"line":115,"column":25},"end":{"line":117,"column":1}},"34":{"start":{"line":116,"column":2},"end":{"line":116,"column":53}},"35":{"start":{"line":119,"column":27},"end":{"line":128,"column":1}},"36":{"start":{"line":120,"column":21},"end":{"line":120,"column":48}},"37":{"start":{"line":121,"column":22},"end":{"line":121,"column":68}},"38":{"start":{"line":122,"column":2},"end":{"line":127,"column":4}},"39":{"start":{"line":130,"column":0},"end":{"line":139,"column":2}}},"fnMap":{"0":{"name":"(anonymous_0)","decl":{"start":{"line":4,"column":18},"end":{"line":4,"column":19}},"loc":{"start":{"line":4,"column":52},"end":{"line":18,"column":1}},"line":4},"1":{"name":"(anonymous_1)","decl":{"start":{"line":20,"column":22},"end":{"line":20,"column":23}},"loc":{"start":{"line":20,"column":40},"end":{"line":28,"column":1}},"line":20},"2":{"name":"(anonymous_2)","decl":{"start":{"line":30,"column":23},"end":{"line":30,"column":24}},"loc":{"start":{"line":30,"column":41},"end":{"line":32,"column":1}},"line":30},"3":{"name":"(anonymous_3)","decl":{"start":{"line":34,"column":23},"end":{"line":34,"column":24}},"loc":{"start":{"line":34,"column":35},"end":{"line":42,"column":1}},"line":34},"4":{"name":"(anonymous_4)","decl":{"start":{"line":36,"column":19},"end":{"line":36,"column":20}},"loc":{"start":{"line":36,"column":28},"end":{"line":41,"column":3}},"line":36},"5":{"name":"(anonymous_5)","decl":{"start":{"line":78,"column":26},"end":{"line":78,"column":27}},"loc":{"start":{"line":78,"column":32},"end":{"line":80,"column":1}},"line":78},"6":{"name":"(anonymous_6)","decl":{"start":{"line":82,"column":21},"end":{"line":82,"column":22}},"loc":{"start":{"line":82,"column":51},"end":{"line":113,"column":1}},"line":82},"7":{"name":"(anonymous_7)","decl":{"start":{"line":83,"column":38},"end":{"line":83,"column":39}},"loc":{"start":{"line":83,"column":43},"end":{"line":83,"column":64}},"line":83},"8":{"name":"(anonymous_8)","decl":{"start":{"line":115,"column":25},"end":{"line":115,"column":26}},"loc":{"start":{"line":115,"column":43},"end":{"line":117,"column":1}},"line":115},"9":{"name":"(anonymous_9)","decl":{"start":{"line":119,"column":27},"end":{"line":119,"column":28}},"loc":{"start":{"line":119,"column":45},"end":{"line":128,"column":1}},"line":119}},"branchMap":{"0":{"loc":{"start":{"line":22,"column":22},"end":{"line":22,"column":56}},"type":"binary-expr","locations":[{"start":{"line":22,"column":22},"end":{"line":22,"column":51}},{"start":{"line":22,"column":55},"end":{"line":22,"column":56}}],"line":22},"1":{"loc":{"start":{"line":39,"column":6},"end":{"line":39,"column":38}},"type":"binary-expr","locations":[{"start":{"line":39,"column":6},"end":{"line":39,"column":33}},{"start":{"line":39,"column":37},"end":{"line":39,"column":38}}],"line":39},"2":{"loc":{"start":{"line":84,"column":2},"end":{"line":84,"column":52}},"type":"if","locations":[{"start":{"line":84,"column":2},"end":{"line":84,"column":52}},{"start":{},"end":{}}],"line":84},"3":{"loc":{"start":{"line":90,"column":2},"end":{"line":94,"column":3}},"type":"if","locations":[{"start":{"line":90,"column":2},"end":{"line":94,"column":3}},{"start":{},"end":{}}],"line":90}},"s":{"0":2,"1":2,"2":2,"3":0,"4":0,"5":0,"6":0,"7":2,"8":0,"9":0,"10":0,"11":2,"12":0,"13":2,"14":0,"15":0,"16":0,"17":2,"18":2,"19":0,"20":2,"21":0,"22":0,"23":0,"24":0,"25":0,"26":0,"27":0,"28":0,"29":0,"30":0,"31":0,"32":0,"33":2,"34":0,"35":2,"36":0,"37":0,"38":0,"39":2},"f":{"0":0,"1":0,"2":0,"3":0,"4":0,"5":0,"6":0,"7":0,"8":0,"9":0},"b":{"0":[0,0],"1":[0,0],"2":[0,0],"3":[0,0]},"_coverageSchema":"1a1c01bbd47fc00a2c39e90264f33305004495a9","hash":"02fecfed3c4feca323c7e658bb4173a80d8123f1"}
,"C:\\Users\\PC\\Desktop\\RECYCLE\\EcoReport\\backend\\src\\shared\\cloudinary.js": {"path":"C:\\Users\\PC\\Desktop\\RECYCLE\\EcoReport\\backend\\src\\shared\\cloudinary.js","statementMap":{"0":{"start":{"line":1,"column":19},"end":{"line":1,"column":43}},"1":{"start":{"line":3,"column":0},"end":{"line":7,"column":3}},"2":{"start":{"line":9,"column":20},"end":{"line":18,"column":1}},"3":{"start":{"line":10,"column":17},"end":{"line":16,"column":3}},"4":{"start":{"line":17,"column":2},"end":{"line":17,"column":27}},"5":{"start":{"line":20,"column":0},"end":{"line":20,"column":33}}},"fnMap":{"0":{"name":"(anonymous_0)","decl":{"start":{"line":9,"column":20},"end":{"line":9,"column":21}},"loc":{"start":{"line":9,"column":40},"end":{"line":18,"column":1}},"line":9}},"branchMap":{},"s":{"0":2,"1":2,"2":2,"3":0,"4":0,"5":2},"f":{"0":0},"b":{},"_coverageSchema":"1a1c01bbd47fc00a2c39e90264f33305004495a9","hash":"112293e97587752f6a7dfaf4be101737ad090995"}
,"C:\\Users\\PC\\Desktop\\RECYCLE\\EcoReport\\backend\\src\\shared\\database.js": {"path":"C:\\Users\\PC\\Desktop\\RECYCLE\\EcoReport\\backend\\src\\shared\\database.js","statementMap":{"0":{"start":{"line":1,"column":0},"end":{"line":1,"column":27}},"1":{"start":{"line":2,"column":17},"end":{"line":2,"column":30}},"2":{"start":{"line":4,"column":13},"end":{"line":10,"column":2}},"3":{"start":{"line":12,"column":0},"end":{"line":12,"column":65}},"4":{"start":{"line":12,"column":25},"end":{"line":12,"column":63}},"5":{"start":{"line":13,"column":0},"end":{"line":13,"column":69}},"6":{"start":{"line":13,"column":28},"end":{"line":13,"column":67}},"7":{"start":{"line":17,"column":20},"end":{"line":17,"column":30}},"8":{"start":{"line":17,"column":26},"end":{"line":17,"column":30}},"9":{"start":{"line":18,"column":0},"end":{"line":18,"column":24}},"10":{"start":{"line":19,"column":0},"end":{"line":19,"column":63}},"11":{"start":{"line":19,"column":38},"end":{"line":19,"column":62}},"12":{"start":{"line":21,"column":0},"end":{"line":21,"column":29}}},"fnMap":{"0":{"name":"(anonymous_0)","decl":{"start":{"line":12,"column":19},"end":{"line":12,"column":20}},"loc":{"start":{"line":12,"column":25},"end":{"line":12,"column":63}},"line":12},"1":{"name":"(anonymous_1)","decl":{"start":{"line":13,"column":19},"end":{"line":13,"column":20}},"loc":{"start":{"line":13,"column":28},"end":{"line":13,"column":67}},"line":13},"2":{"name":"(anonymous_2)","decl":{"start":{"line":17,"column":20},"end":{"line":17,"column":21}},"loc":{"start":{"line":17,"column":26},"end":{"line":17,"column":30}},"line":17},"3":{"name":"(anonymous_3)","decl":{"start":{"line":19,"column":20},"end":{"line":19,"column":21}},"loc":{"start":{"line":19,"column":38},"end":{"line":19,"column":62}},"line":19}},"branchMap":{"0":{"loc":{"start":{"line":5,"column":12},"end":{"line":5,"column":50}},"type":"binary-expr","locations":[{"start":{"line":5,"column":12},"end":{"line":5,"column":31}},{"start":{"line":5,"column":39},"end":{"line":5,"column":50}}],"line":5},"1":{"loc":{"start":{"line":6,"column":12},"end":{"line":6,"column":47}},"type":"binary-expr","locations":[{"start":{"line":6,"column":12},"end":{"line":6,"column":39}},{"start":{"line":6,"column":43},"end":{"line":6,"column":47}}],"line":6},"2":{"loc":{"start":{"line":7,"column":12},"end":{"line":7,"column":51}},"type":"binary-expr","locations":[{"start":{"line":7,"column":12},"end":{"line":7,"column":31}},{"start":{"line":7,"column":39},"end":{"line":7,"column":51}}],"line":7},"3":{"loc":{"start":{"line":8,"column":12},"end":{"line":8,"column":49}},"type":"binary-expr","locations":[{"start":{"line":8,"column":12},"end":{"line":8,"column":31}},{"start":{"line":8,"column":39},"end":{"line":8,"column":49}}],"line":8},"4":{"loc":{"start":{"line":9,"column":12},"end":{"line":9,"column":52}},"type":"binary-expr","locations":[{"start":{"line":9,"column":12},"end":{"line":9,"column":35}},{"start":{"line":9,"column":39},"end":{"line":9,"column":52}}],"line":9}},"s":{"0":2,"1":2,"2":2,"3":2,"4":0,"5":2,"6":0,"7":2,"8":20,"9":2,"10":2,"11":0,"12":2},"f":{"0":0,"1":0,"2":20,"3":0},"b":{"0":[2,0],"1":[2,0],"2":[2,0],"3":[2,0],"4":[2,0]},"_coverageSchema":"1a1c01bbd47fc00a2c39e90264f33305004495a9","hash":"ba66116dddf0d387a676cf757f6265673c2b63a9"}
,"C:\\Users\\PC\\Desktop\\RECYCLE\\EcoReport\\backend\\src\\shared\\role.middleware.js": {"path":"C:\\Users\\PC\\Desktop\\RECYCLE\\EcoReport\\backend\\src\\shared\\role.middleware.js","statementMap":{"0":{"start":{"line":1,"column":23},"end":{"line":23,"column":1}},"1":{"start":{"line":2,"column":2},"end":{"line":22,"column":4}},"2":{"start":{"line":3,"column":4},"end":{"line":8,"column":5}},"3":{"start":{"line":4,"column":6},"end":{"line":7,"column":9}},"4":{"start":{"line":10,"column":18},"end":{"line":12,"column":22}},"5":{"start":{"line":14,"column":4},"end":{"line":19,"column":5}},"6":{"start":{"line":15,"column":6},"end":{"line":18,"column":9}},"7":{"start":{"line":21,"column":4},"end":{"line":21,"column":11}},"8":{"start":{"line":25,"column":0},"end":{"line":25,"column":32}}},"fnMap":{"0":{"name":"(anonymous_0)","decl":{"start":{"line":1,"column":23},"end":{"line":1,"column":24}},"loc":{"start":{"line":1,"column":41},"end":{"line":23,"column":1}},"line":1},"1":{"name":"(anonymous_1)","decl":{"start":{"line":2,"column":9},"end":{"line":2,"column":10}},"loc":{"start":{"line":2,"column":29},"end":{"line":22,"column":3}},"line":2}},"branchMap":{"0":{"loc":{"start":{"line":3,"column":4},"end":{"line":8,"column":5}},"type":"if","locations":[{"start":{"line":3,"column":4},"end":{"line":8,"column":5}},{"start":{},"end":{}}],"line":3},"1":{"loc":{"start":{"line":10,"column":18},"end":{"line":12,"column":22}},"type":"cond-expr","locations":[{"start":{"line":11,"column":8},"end":{"line":11,"column":20}},{"start":{"line":12,"column":8},"end":{"line":12,"column":22}}],"line":10},"2":{"loc":{"start":{"line":14,"column":4},"end":{"line":19,"column":5}},"type":"if","locations":[{"start":{"line":14,"column":4},"end":{"line":19,"column":5}},{"start":{},"end":{}}],"line":14}},"s":{"0":2,"1":8,"2":0,"3":0,"4":0,"5":0,"6":0,"7":0,"8":2},"f":{"0":8,"1":0},"b":{"0":[0,0],"1":[0,0],"2":[0,0]},"_coverageSchema":"1a1c01bbd47fc00a2c39e90264f33305004495a9","hash":"4724a82d723ec1d4f05daba24f7be170f0bfde31"}
,"C:\\Users\\PC\\Desktop\\RECYCLE\\EcoReport\\backend\\src\\shared\\upload.js": {"path":"C:\\Users\\PC\\Desktop\\RECYCLE\\EcoReport\\backend\\src\\shared\\upload.js","statementMap":{"0":{"start":{"line":1,"column":15},"end":{"line":1,"column":32}},"1":{"start":{"line":2,"column":13},"end":{"line":2,"column":28}},"2":{"start":{"line":4,"column":16},"end":{"line":12,"column":2}},"3":{"start":{"line":6,"column":4},"end":{"line":6,"column":25}},"4":{"start":{"line":9,"column":19},"end":{"line":9,"column":69}},"5":{"start":{"line":10,"column":4},"end":{"line":10,"column":55}},"6":{"start":{"line":14,"column":19},"end":{"line":20,"column":1}},"7":{"start":{"line":15,"column":2},"end":{"line":19,"column":3}},"8":{"start":{"line":16,"column":4},"end":{"line":16,"column":19}},"9":{"start":{"line":18,"column":4},"end":{"line":18,"column":48}},"10":{"start":{"line":22,"column":15},"end":{"line":26,"column":2}},"11":{"start":{"line":28,"column":0},"end":{"line":28,"column":24}}},"fnMap":{"0":{"name":"(anonymous_0)","decl":{"start":{"line":5,"column":15},"end":{"line":5,"column":16}},"loc":{"start":{"line":5,"column":34},"end":{"line":7,"column":3}},"line":5},"1":{"name":"(anonymous_1)","decl":{"start":{"line":8,"column":12},"end":{"line":8,"column":13}},"loc":{"start":{"line":8,"column":31},"end":{"line":11,"column":3}},"line":8},"2":{"name":"(anonymous_2)","decl":{"start":{"line":14,"column":19},"end":{"line":14,"column":20}},"loc":{"start":{"line":14,"column":38},"end":{"line":20,"column":1}},"line":14}},"branchMap":{"0":{"loc":{"start":{"line":15,"column":2},"end":{"line":19,"column":3}},"type":"if","locations":[{"start":{"line":15,"column":2},"end":{"line":19,"column":3}},{"start":{"line":17,"column":9},"end":{"line":19,"column":3}}],"line":15}},"s":{"0":2,"1":2,"2":2,"3":0,"4":0,"5":0,"6":2,"7":0,"8":0,"9":0,"10":2,"11":2},"f":{"0":0,"1":0,"2":0},"b":{"0":[0,0]},"_coverageSchema":"1a1c01bbd47fc00a2c39e90264f33305004495a9","hash":"1728577057c5ac924cdb3998821bf89d0305fbea"}
,"C:\\Users\\PC\\Desktop\\RECYCLE\\EcoReport\\backend\\src\\shared\\validation.js": {"path":"C:\\Users\\PC\\Desktop\\RECYCLE\\EcoReport\\backend\\src\\shared\\validation.js","statementMap":{"0":{"start":{"line":1,"column":23},"end":{"line":48,"column":1}},"1":{"start":{"line":2,"column":17},"end":{"line":2,"column":19}},"2":{"start":{"line":4,"column":2},"end":{"line":6,"column":3}},"3":{"start":{"line":5,"column":4},"end":{"line":5,"column":37}},"4":{"start":{"line":8,"column":2},"end":{"line":10,"column":3}},"5":{"start":{"line":9,"column":4},"end":{"line":9,"column":54}},"6":{"start":{"line":12,"column":2},"end":{"line":14,"column":3}},"7":{"start":{"line":13,"column":4},"end":{"line":13,"column":43}},"8":{"start":{"line":16,"column":2},"end":{"line":18,"column":3}},"9":{"start":{"line":17,"column":4},"end":{"line":17,"column":40}},"10":{"start":{"line":20,"column":2},"end":{"line":22,"column":3}},"11":{"start":{"line":21,"column":4},"end":{"line":21,"column":41}},"12":{"start":{"line":24,"column":2},"end":{"line":26,"column":3}},"13":{"start":{"line":25,"column":4},"end":{"line":25,"column":55}},"14":{"start":{"line":28,"column":2},"end":{"line":30,"column":3}},"15":{"start":{"line":29,"column":4},"end":{"line":29,"column":58}},"16":{"start":{"line":32,"column":26},"end":{"line":39,"column":3}},"17":{"start":{"line":41,"column":2},"end":{"line":45,"column":3}},"18":{"start":{"line":42,"column":4},"end":{"line":44,"column":6}},"19":{"start":{"line":47,"column":2},"end":{"line":47,"column":16}},"20":{"start":{"line":50,"column":24},"end":{"line":62,"column":1}},"21":{"start":{"line":51,"column":17},"end":{"line":51,"column":19}},"22":{"start":{"line":53,"column":2},"end":{"line":55,"column":3}},"23":{"start":{"line":54,"column":4},"end":{"line":54,"column":47}},"24":{"start":{"line":57,"column":2},"end":{"line":59,"column":3}},"25":{"start":{"line":58,"column":4},"end":{"line":58,"column":56}},"26":{"start":{"line":61,"column":2},"end":{"line":61,"column":16}},"27":{"start":{"line":64,"column":0},"end":{"line":64,"column":53}}},"fnMap":{"0":{"name":"(anonymous_0)","decl":{"start":{"line":1,"column":23},"end":{"line":1,"column":24}},"loc":{"start":{"line":1,"column":33},"end":{"line":48,"column":1}},"line":1},"1":{"name":"(anonymous_1)","decl":{"start":{"line":50,"column":24},"end":{"line":50,"column":25}},"loc":{"start":{"line":50,"column":34},"end":{"line":62,"column":1}},"line":50}},"branchMap":{"0":{"loc":{"start":{"line":4,"column":2},"end":{"line":6,"column":3}},"type":"if","locations":[{"start":{"line":4,"column":2},"end":{"line":6,"column":3}},{"start":{},"end":{}}],"line":4},"1":{"loc":{"start":{"line":4,"column":6},"end":{"line":4,"column":45}},"type":"binary-expr","locations":[{"start":{"line":4,"column":6},"end":{"line":4,"column":17}},{"start":{"line":4,"column":21},"end":{"line":4,"column":45}}],"line":4},"2":{"loc":{"start":{"line":8,"column":2},"end":{"line":10,"column":3}},"type":"if","locations":[{"start":{"line":8,"column":2},"end":{"line":10,"column":3}},{"start":{},"end":{}}],"line":8},"3":{"loc":{"start":{"line":8,"column":6},"end":{"line":8,"column":43}},"type":"binary-expr","locations":[{"start":{"line":8,"column":6},"end":{"line":8,"column":16}},{"start":{"line":8,"column":20},"end":{"line":8,"column":43}}],"line":8},"4":{"loc":{"start":{"line":12,"column":2},"end":{"line":14,"column":3}},"type":"if","locations":[{"start":{"line":12,"column":2},"end":{"line":14,"column":3}},{"start":{},"end":{}}],"line":12},"5":{"loc":{"start":{"line":12,"column":6},"end":{"line":12,"column":57}},"type":"binary-expr","locations":[{"start":{"line":12,"column":6},"end":{"line":12,"column":23}},{"start":{"line":12,"column":27},"end":{"line":12,"column":57}}],"line":12},"6":{"loc":{"start":{"line":16,"column":2},"end":{"line":18,"column":3}},"type":"if","locations":[{"start":{"line":16,"column":2},"end":{"line":18,"column":3}},{"start":{},"end":{}}],"line":16},"7":{"loc":{"start":{"line":20,"column":2},"end":{"line":22,"column":3}},"type":"if","locations":[{"start":{"line":20,"column":2},"end":{"line":22,"column":3}},{"start":{},"end":{}}],"line":20},"8":{"loc":{"start":{"line":24,"column":2},"end":{"line":26,"column":3}},"type":"if","locations":[{"start":{"line":24,"column":2},"end":{"line":26,"column":3}},{"start":{},"end":{}}],"line":24},"9":{"loc":{"start":{"line":24,"column":6},"end":{"line":24,"column":66}},"type":"binary-expr","locations":[{"start":{"line":24,"column":6},"end":{"line":24,"column":19}},{"start":{"line":24,"column":24},"end":{"line":24,"column":43}},{"start":{"line":24,"column":47},"end":{"line":24,"column":65}}],"line":24},"10":{"loc":{"start":{"line":28,"column":2},"end":{"line":30,"column":3}},"type":"if","locations":[{"start":{"line":28,"column":2},"end":{"line":30,"column":3}},{"start":{},"end":{}}],"line":28},"11":{"loc":{"start":{"line":28,"column":6},"end":{"line":28,"column":71}},"type":"binary-expr","locations":[{"start":{"line":28,"column":6},"end":{"line":28,"column":20}},{"start":{"line":28,"column":25},"end":{"line":28,"column":46}},{"start":{"line":28,"column":50},"end":{"line":28,"column":70}}],"line":28},"12":{"loc":{"start":{"line":41,"column":2},"end":{"line":45,"column":3}},"type":"if","locations":[{"start":{"line":41,"column":2},"end":{"line":45,"column":3}},{"start":{},"end":{}}],"line":41},"13":{"loc":{"start":{"line":41,"column":6},"end":{"line":41,"column":67}},"type":"binary-expr","locations":[{"start":{"line":41,"column":6},"end":{"line":41,"column":21}},{"start":{"line":41,"column":25},"end":{"line":41,"column":67}}],"line":41},"14":{"loc":{"start":{"line":53,"column":2},"end":{"line":55,"column":3}},"type":"if","locations":[{"start":{"line":53,"column":2},"end":{"line":55,"column":3}},{"start":{},"end":{}}],"line":53},"15":{"loc":{"start":{"line":53,"column":6},"end":{"line":53,"column":49}},"type":"binary-expr","locations":[{"start":{"line":53,"column":6},"end":{"line":53,"column":19}},{"start":{"line":53,"column":23},"end":{"line":53,"column":49}}],"line":53},"16":{"loc":{"start":{"line":57,"column":2},"end":{"line":59,"column":3}},"type":"if","locations":[{"start":{"line":57,"column":2},"end":{"line":59,"column":3}},{"start":{},"end":{}}],"line":57},"17":{"loc":{"start":{"line":57,"column":6},"end":{"line":57,"column":47}},"type":"binary-expr","locations":[{"start":{"line":57,"column":6},"end":{"line":57,"column":18}},{"start":{"line":57,"column":22},"end":{"line":57,"column":47}}],"line":57}},"s":{"0":2,"1":0,"2":0,"3":0,"4":0,"5":0,"6":0,"7":0,"8":0,"9":0,"10":0,"11":0,"12":0,"13":0,"14":0,"15":0,"16":0,"17":0,"18":0,"19":0,"20":2,"21":0,"22":0,"23":0,"24":0,"25":0,"26":0,"27":2},"f":{"0":0,"1":0},"b":{"0":[0,0],"1":[0,0],"2":[0,0],"3":[0,0],"4":[0,0],"5":[0,0],"6":[0,0],"7":[0,0],"8":[0,0],"9":[0,0,0],"10":[0,0],"11":[0,0,0],"12":[0,0],"13":[0,0],"14":[0,0],"15":[0,0],"16":[0,0],"17":[0,0]},"_coverageSchema":"1a1c01bbd47fc00a2c39e90264f33305004495a9","hash":"6ffb1863d437c03b37e67c191a3b79b9253f7f79"}
}
