TN:
SF:server.js
FN:51,(anonymous_0)
FN:64,(anonymous_1)
FN:65,(anonymous_2)
FN:70,(anonymous_3)
FN:77,(anonymous_4)
FN:88,(anonymous_5)
FN:91,(anonymous_6)
FN:97,(anonymous_7)
FN:162,(anonymous_8)
FN:166,(anonymous_9)
FN:188,(anonymous_10)
FN:206,(anonymous_11)
FN:220,(anonymous_12)
FN:227,(anonymous_13)
FN:232,(anonymous_14)
FN:244,(anonymous_15)
FN:250,(anonymous_16)
FN:267,(anonymous_17)
FN:280,(anonymous_18)
FN:297,(anonymous_19)
FN:302,(anonymous_20)
FN:328,(anonymous_21)
FN:342,(anonymous_22)
FN:347,(anonymous_23)
FN:355,(anonymous_24)
FN:360,(anonymous_25)
FN:373,(anonymous_26)
FN:380,(anonymous_27)
FN:388,(anonymous_28)
FN:393,(anonymous_29)
FN:394,(anonymous_30)
FN:398,(anonymous_31)
FN:399,(anonymous_32)
FN:400,(anonymous_33)
FN:401,(anonymous_34)
FN:405,(anonymous_35)
FN:407,(anonymous_36)
FNF:37
FNH:0
FNDA:0,(anonymous_0)
FNDA:0,(anonymous_1)
FNDA:0,(anonymous_2)
FNDA:0,(anonymous_3)
FNDA:0,(anonymous_4)
FNDA:0,(anonymous_5)
FNDA:0,(anonymous_6)
FNDA:0,(anonymous_7)
FNDA:0,(anonymous_8)
FNDA:0,(anonymous_9)
FNDA:0,(anonymous_10)
FNDA:0,(anonymous_11)
FNDA:0,(anonymous_12)
FNDA:0,(anonymous_13)
FNDA:0,(anonymous_14)
FNDA:0,(anonymous_15)
FNDA:0,(anonymous_16)
FNDA:0,(anonymous_17)
FNDA:0,(anonymous_18)
FNDA:0,(anonymous_19)
FNDA:0,(anonymous_20)
FNDA:0,(anonymous_21)
FNDA:0,(anonymous_22)
FNDA:0,(anonymous_23)
FNDA:0,(anonymous_24)
FNDA:0,(anonymous_25)
FNDA:0,(anonymous_26)
FNDA:0,(anonymous_27)
FNDA:0,(anonymous_28)
FNDA:0,(anonymous_29)
FNDA:0,(anonymous_30)
FNDA:0,(anonymous_31)
FNDA:0,(anonymous_32)
FNDA:0,(anonymous_33)
FNDA:0,(anonymous_34)
FNDA:0,(anonymous_35)
FNDA:0,(anonymous_36)
DA:1,2
DA:2,2
DA:3,2
DA:4,2
DA:5,2
DA:6,2
DA:7,2
DA:8,2
DA:9,2
DA:10,2
DA:13,2
DA:14,2
DA:15,2
DA:16,2
DA:17,2
DA:18,2
DA:19,2
DA:22,2
DA:23,2
DA:26,2
DA:27,2
DA:28,2
DA:31,2
DA:32,2
DA:34,2
DA:35,2
DA:36,2
DA:39,2
DA:40,2
DA:41,2
DA:42,2
DA:43,2
DA:46,2
DA:47,2
DA:48,2
DA:51,2
DA:52,0
DA:53,0
DA:54,0
DA:55,0
DA:56,0
DA:57,0
DA:58,0
DA:59,0
DA:63,2
DA:64,0
DA:65,0
DA:67,2
DA:71,0
DA:72,0
DA:77,2
DA:78,0
DA:79,0
DA:80,0
DA:81,0
DA:82,0
DA:83,0
DA:84,0
DA:88,2
DA:89,0
DA:91,2
DA:92,0
DA:93,0
DA:97,2
DA:98,0
DA:107,0
DA:117,0
DA:135,0
DA:144,0
DA:158,0
DA:162,2
DA:166,2
DA:167,0
DA:168,0
DA:169,0
DA:170,0
DA:171,0
DA:175,2
DA:176,2
DA:177,2
DA:178,2
DA:179,2
DA:180,2
DA:181,2
DA:188,2
DA:189,0
DA:190,0
DA:191,0
DA:192,0
DA:193,0
DA:194,0
DA:203,0
DA:206,2
DA:207,0
DA:208,0
DA:209,0
DA:214,0
DA:215,0
DA:216,0
DA:217,0
DA:220,2
DA:221,0
DA:222,0
DA:223,0
DA:227,2
DA:228,0
DA:229,0
DA:232,2
DA:233,0
DA:234,0
DA:235,0
DA:236,0
DA:240,0
DA:241,0
DA:244,2
DA:245,0
DA:246,0
DA:250,2
DA:251,0
DA:252,0
DA:253,0
DA:254,0
DA:255,0
DA:256,0
DA:261,0
DA:262,0
DA:263,0
DA:264,0
DA:265,0
DA:266,0
DA:267,0
DA:277,0
DA:280,2
DA:281,0
DA:282,0
DA:286,0
DA:287,0
DA:288,0
DA:289,0
DA:297,0
DA:299,0
DA:302,2
DA:303,0
DA:304,0
DA:305,0
DA:306,0
DA:307,0
DA:308,0
DA:309,0
DA:310,0
DA:311,0
DA:317,0
DA:318,0
DA:319,0
DA:320,0
DA:324,0
DA:325,0
DA:328,2
DA:329,0
DA:330,0
DA:331,0
DA:332,0
DA:333,0
DA:338,0
DA:339,0
DA:342,2
DA:343,0
DA:344,0
DA:347,2
DA:348,0
DA:349,0
DA:355,0
DA:356,0
DA:360,2
DA:361,0
DA:362,0
DA:363,0
DA:364,0
DA:365,0
DA:366,0
DA:367,0
DA:372,0
DA:373,0
DA:374,0
DA:376,0
DA:377,0
DA:380,2
DA:381,0
DA:382,0
DA:388,0
DA:389,0
DA:393,2
DA:394,2
DA:397,2
DA:398,0
DA:399,0
DA:400,0
DA:402,0
DA:403,0
DA:404,0
DA:405,0
DA:407,0
DA:409,2
LF:203
LH:69
BRDA:35,0,0,2
BRDA:35,0,1,0
BRDA:36,1,0,2
BRDA:36,1,1,0
BRDA:47,2,0,0
BRDA:47,2,1,2
BRDA:52,3,0,0
BRDA:52,3,1,0
BRDA:52,4,0,0
BRDA:52,4,1,0
BRDA:55,5,0,0
BRDA:55,5,1,0
BRDA:80,6,0,0
BRDA:80,6,1,0
BRDA:82,7,0,0
BRDA:82,7,1,0
BRDA:89,8,0,0
BRDA:89,8,1,0
BRDA:92,9,0,0
BRDA:92,9,1,0
BRDA:92,9,2,0
BRDA:93,10,0,0
BRDA:93,10,1,0
BRDA:93,10,2,0
BRDA:93,10,3,0
BRDA:169,11,0,0
BRDA:169,11,1,0
BRDA:192,12,0,0
BRDA:192,12,1,0
BRDA:198,13,0,0
BRDA:198,13,1,0
BRDA:221,14,0,0
BRDA:221,14,1,0
BRDA:235,15,0,0
BRDA:235,15,1,0
BRDA:235,16,0,0
BRDA:235,16,1,0
BRDA:238,17,0,0
BRDA:238,17,1,0
BRDA:252,18,0,0
BRDA:252,19,0,0
BRDA:261,20,0,0
BRDA:261,20,1,0
BRDA:261,21,0,0
BRDA:261,21,1,0
BRDA:262,22,0,0
BRDA:262,22,1,0
BRDA:263,23,0,0
BRDA:263,23,1,0
BRDA:271,24,0,0
BRDA:271,24,1,0
BRDA:272,25,0,0
BRDA:272,25,1,0
BRDA:275,26,0,0
BRDA:275,26,1,0
BRDA:286,27,0,0
BRDA:286,27,1,0
BRDA:293,28,0,0
BRDA:293,28,1,0
BRDA:294,29,0,0
BRDA:294,29,1,0
BRDA:306,30,0,0
BRDA:306,30,1,0
BRDA:309,31,0,0
BRDA:309,31,1,0
BRDA:309,32,0,0
BRDA:309,32,1,0
BRDA:309,32,2,0
BRDA:309,32,3,0
BRDA:309,32,4,0
BRDA:314,33,0,0
BRDA:314,33,1,0
BRDA:315,34,0,0
BRDA:315,34,1,0
BRDA:315,35,0,0
BRDA:315,35,1,0
BRDA:315,36,0,0
BRDA:315,36,1,0
BRDA:318,37,0,0
BRDA:318,37,1,0
BRDA:331,38,0,0
BRDA:331,38,1,0
BRDA:355,39,0,0
BRDA:355,39,1,0
BRDA:363,40,0,0
BRDA:363,40,1,0
BRDA:363,41,0,0
BRDA:363,41,1,0
BRDA:363,41,2,0
BRDA:365,42,0,0
BRDA:365,42,1,0
BRDA:366,43,0,0
BRDA:366,43,1,0
BRDA:370,44,0,0
BRDA:370,44,1,0
BRF:95
BRH:3
end_of_record
TN:
SF:src\events\broker.js
FN:5,(anonymous_0)
FN:23,(anonymous_1)
FN:30,(anonymous_2)
FN:50,(anonymous_3)
FN:56,(anonymous_4)
FNF:5
FNH:0
FNDA:0,(anonymous_0)
FNDA:0,(anonymous_1)
FNDA:0,(anonymous_2)
FNDA:0,(anonymous_3)
FNDA:0,(anonymous_4)
DA:1,2
DA:3,2
DA:5,2
DA:6,0
DA:7,0
DA:9,0
DA:10,0
DA:13,0
DA:14,0
DA:15,0
DA:16,0
DA:18,0
DA:19,0
DA:23,2
DA:24,0
DA:25,0
DA:27,0
DA:30,2
DA:31,0
DA:32,0
DA:33,0
DA:36,0
DA:40,0
DA:45,0
DA:46,0
DA:50,2
DA:51,0
DA:52,0
DA:53,0
DA:56,0
DA:57,0
DA:58,0
DA:61,0
DA:62,0
DA:65,0
DA:67,0
DA:68,0
DA:72,2
LF:38
LH:7
BRDA:6,0,0,0
BRDA:6,0,1,0
BRDA:24,1,0,0
BRDA:24,1,1,0
BRDA:57,2,0,0
BRDA:57,2,1,0
BRF:6
BRH:0
end_of_record
TN:
SF:src\events\consumers\notification.consumer.js
FN:3,(anonymous_0)
FN:8,(anonymous_1)
FNF:2
FNH:0
FNDA:0,(anonymous_0)
FNDA:0,(anonymous_1)
DA:1,2
DA:3,2
DA:4,0
DA:6,0
DA:9,0
DA:13,0
DA:32,0
DA:35,2
LF:8
LH:3
BRF:0
BRH:0
end_of_record
TN:
SF:src\events\consumers\rewards.consumer.js
FN:5,(anonymous_0)
FN:11,(anonymous_1)
FN:28,(anonymous_2)
FN:54,(anonymous_3)
FNF:4
FNH:0
FNDA:0,(anonymous_0)
FNDA:0,(anonymous_1)
FNDA:0,(anonymous_2)
FNDA:0,(anonymous_3)
DA:1,2
DA:2,2
DA:3,2
DA:5,2
DA:6,0
DA:9,0
DA:12,0
DA:13,0
DA:18,0
DA:20,0
DA:26,0
DA:29,0
DA:30,0
DA:31,0
DA:34,0
DA:35,0
DA:40,0
DA:46,0
DA:52,0
DA:55,0
DA:56,0
DA:61,0
DA:65,0
DA:70,0
DA:73,2
LF:25
LH:5
BRDA:30,0,0,0
BRDA:30,0,1,0
BRDA:34,1,0,0
BRDA:34,1,1,0
BRDA:34,2,0,0
BRDA:34,2,1,0
BRF:6
BRH:0
end_of_record
TN:
SF:src\events\consumers\status.consumer.js
FN:3,(anonymous_0)
FN:8,(anonymous_1)
FNF:2
FNH:0
FNDA:0,(anonymous_0)
FNDA:0,(anonymous_1)
DA:1,2
DA:3,2
DA:4,0
DA:6,0
DA:9,0
DA:18,0
DA:21,2
LF:7
LH:3
BRF:0
BRH:0
end_of_record
TN:
SF:src\middleware\auth.js
FN:3,(anonymous_0)
FNF:1
FNH:0
FNDA:0,(anonymous_0)
DA:1,2
DA:3,2
DA:4,0
DA:6,0
DA:8,0
DA:9,0
DA:15,0
DA:18,0
DA:21,0
DA:23,0
DA:26,0
DA:32,2
LF:12
LH:3
BRDA:8,0,0,0
BRDA:8,0,1,0
BRDA:8,1,0,0
BRDA:8,1,1,0
BRF:4
BRH:0
end_of_record
TN:
SF:src\modules\admin\admin.controller.js
FN:3,(anonymous_0)
FN:18,(anonymous_1)
FN:42,(anonymous_2)
FN:62,(anonymous_3)
FN:86,(anonymous_4)
FNF:5
FNH:0
FNDA:0,(anonymous_0)
FNDA:0,(anonymous_1)
FNDA:0,(anonymous_2)
FNDA:0,(anonymous_3)
FNDA:0,(anonymous_4)
DA:1,2
DA:3,2
DA:4,0
DA:5,0
DA:6,0
DA:11,0
DA:18,2
DA:19,0
DA:20,0
DA:23,0
DA:24,0
DA:29,0
DA:35,0
DA:42,2
DA:43,0
DA:44,0
DA:45,0
DA:49,0
DA:55,0
DA:62,2
DA:63,0
DA:64,0
DA:67,0
DA:68,0
DA:73,0
DA:79,0
DA:86,2
DA:87,0
DA:88,0
DA:89,0
DA:94,0
DA:101,2
LF:32
LH:7
BRDA:23,0,0,0
BRDA:23,0,1,0
BRDA:67,1,0,0
BRDA:67,1,1,0
BRF:4
BRH:0
end_of_record
TN:
SF:src\modules\admin\admin.model.js
FN:4,(anonymous_0)
FN:13,(anonymous_1)
FN:23,(anonymous_2)
FN:34,(anonymous_3)
FN:44,(anonymous_4)
FNF:5
FNH:0
FNDA:0,(anonymous_0)
FNDA:0,(anonymous_1)
FNDA:0,(anonymous_2)
FNDA:0,(anonymous_3)
FNDA:0,(anonymous_4)
DA:1,2
DA:2,2
DA:4,2
DA:5,0
DA:10,0
DA:13,2
DA:14,0
DA:20,0
DA:23,2
DA:24,0
DA:31,0
DA:34,2
DA:35,0
DA:41,0
DA:44,2
DA:45,0
DA:55,0
DA:63,0
DA:67,0
DA:74,2
LF:20
LH:8
BRF:0
BRH:0
end_of_record
TN:
SF:src\modules\admin\admin.routes.js
FNF:0
FNH:0
DA:1,2
DA:2,2
DA:3,2
DA:4,2
DA:5,2
DA:9,2
DA:10,2
DA:12,2
DA:17,2
DA:22,2
DA:27,2
DA:32,2
DA:37,2
LF:13
LH:13
BRF:0
BRH:0
end_of_record
TN:
SF:src\modules\admin\admin.service.js
FN:4,(anonymous_0)
FN:8,(anonymous_1)
FN:19,(anonymous_2)
FN:30,(anonymous_3)
FN:41,(anonymous_4)
FNF:5
FNH:0
FNDA:0,(anonymous_0)
FNDA:0,(anonymous_1)
FNDA:0,(anonymous_2)
FNDA:0,(anonymous_3)
FNDA:0,(anonymous_4)
DA:1,2
DA:2,2
DA:4,2
DA:5,0
DA:8,2
DA:9,0
DA:11,0
DA:16,0
DA:19,2
DA:20,0
DA:22,0
DA:27,0
DA:30,2
DA:31,0
DA:33,0
DA:38,0
DA:41,2
DA:42,0
DA:45,2
LF:19
LH:8
BRF:0
BRH:0
end_of_record
TN:
SF:src\modules\association\association.controller.js
FN:3,(anonymous_0)
FN:20,(anonymous_1)
FN:41,(anonymous_2)
FN:58,(anonymous_3)
FNF:4
FNH:0
FNDA:0,(anonymous_0)
FNDA:0,(anonymous_1)
FNDA:0,(anonymous_2)
FNDA:0,(anonymous_3)
DA:1,2
DA:3,2
DA:4,0
DA:5,0
DA:8,0
DA:13,0
DA:20,2
DA:21,0
DA:22,0
DA:23,0
DA:28,0
DA:34,0
DA:41,2
DA:42,0
DA:43,0
DA:46,0
DA:51,0
DA:58,2
DA:59,0
DA:60,0
DA:63,0
DA:68,0
DA:75,2
LF:23
LH:6
BRF:0
BRH:0
end_of_record
TN:
SF:src\modules\association\association.model.js
FN:4,(anonymous_0)
FN:16,(anonymous_1)
FN:30,(anonymous_2)
FN:59,(anonymous_3)
FNF:4
FNH:0
FNDA:0,(anonymous_0)
FNDA:0,(anonymous_1)
FNDA:0,(anonymous_2)
FNDA:0,(anonymous_3)
DA:1,2
DA:2,2
DA:4,2
DA:5,0
DA:13,0
DA:16,2
DA:19,0
DA:27,0
DA:30,2
DA:31,0
DA:38,0
DA:46,0
DA:52,0
DA:59,2
DA:60,0
DA:71,0
DA:74,2
LF:17
LH:7
BRF:0
BRH:0
end_of_record
TN:
SF:src\modules\association\association.profile.controller.js
FN:3,(anonymous_0)
FN:20,(anonymous_1)
FN:39,(anonymous_2)
FN:60,(anonymous_3)
FNF:4
FNH:0
FNDA:0,(anonymous_0)
FNDA:0,(anonymous_1)
FNDA:0,(anonymous_2)
FNDA:0,(anonymous_3)
DA:1,2
DA:3,2
DA:4,0
DA:5,0
DA:8,0
DA:13,0
DA:20,2
DA:21,0
DA:22,0
DA:26,0
DA:32,0
DA:39,2
DA:40,0
DA:41,0
DA:42,0
DA:47,0
DA:53,0
DA:60,2
DA:61,0
DA:62,0
DA:65,0
DA:70,0
DA:77,2
LF:23
LH:6
BRF:0
BRH:0
end_of_record
TN:
SF:src\modules\association\association.profile.model.js
FN:4,(anonymous_0)
FN:15,(anonymous_1)
FN:45,(anonymous_2)
FN:55,(anonymous_3)
FN:68,(anonymous_4)
FNF:5
FNH:0
FNDA:0,(anonymous_0)
FNDA:0,(anonymous_1)
FNDA:0,(anonymous_2)
FNDA:0,(anonymous_3)
FNDA:0,(anonymous_4)
DA:1,2
DA:2,2
DA:4,2
DA:5,0
DA:12,0
DA:15,2
DA:19,0
DA:21,0
DA:42,0
DA:45,2
DA:46,0
DA:52,0
DA:55,2
DA:58,0
DA:65,0
DA:68,2
DA:69,0
DA:70,0
DA:72,0
DA:85,0
DA:92,2
LF:21
LH:8
BRF:0
BRH:0
end_of_record
TN:
SF:src\modules\association\association.profile.service.js
FN:3,(anonymous_0)
FN:7,(anonymous_1)
FN:13,(anonymous_2)
FN:21,(anonymous_3)
FNF:4
FNH:0
FNDA:0,(anonymous_0)
FNDA:0,(anonymous_1)
FNDA:0,(anonymous_2)
FNDA:0,(anonymous_3)
DA:1,2
DA:3,2
DA:4,0
DA:7,2
DA:8,0
DA:13,2
DA:16,0
DA:21,2
DA:22,0
DA:25,2
LF:10
LH:6
BRF:0
BRH:0
end_of_record
TN:
SF:src\modules\association\association.routes.js
FNF:0
FNH:0
DA:1,2
DA:2,2
DA:3,2
DA:4,2
DA:5,2
DA:9,2
DA:10,2
DA:12,2
DA:17,2
DA:22,2
DA:27,2
DA:32,2
DA:35,2
DA:40,2
DA:45,2
DA:50,2
DA:55,2
LF:17
LH:17
BRF:0
BRH:0
end_of_record
TN:
SF:src\modules\association\association.service.js
FN:4,(anonymous_0)
FN:8,(anonymous_1)
FN:25,(anonymous_2)
FN:31,(anonymous_3)
FNF:4
FNH:0
FNDA:0,(anonymous_0)
FNDA:0,(anonymous_1)
FNDA:0,(anonymous_2)
FNDA:0,(anonymous_3)
DA:1,2
DA:2,2
DA:4,2
DA:5,0
DA:8,2
DA:11,0
DA:15,0
DA:22,0
DA:25,2
DA:26,0
DA:31,2
DA:32,0
DA:37,2
LF:13
LH:7
BRF:0
BRH:0
end_of_record
TN:
SF:src\modules\auth\auth.controller.js
FN:3,(anonymous_0)
FN:40,(anonymous_1)
FNF:2
FNH:2
FNDA:1,(anonymous_0)
FNDA:3,(anonymous_1)
DA:2,2
DA:3,2
DA:4,1
DA:7,1
DA:10,1
DA:11,0
DA:18,1
DA:26,0
DA:33,0
DA:40,2
DA:41,3
DA:44,3
DA:47,3
DA:48,0
DA:55,3
DA:61,0
DA:68,0
DA:75,2
LF:18
LH:12
BRDA:10,0,0,0
BRDA:10,0,1,1
BRDA:10,1,0,1
BRDA:10,1,1,1
BRDA:10,1,2,1
BRDA:22,2,0,1
BRDA:22,2,1,0
BRDA:47,3,0,0
BRDA:47,3,1,3
BRDA:47,4,0,3
BRDA:47,4,1,3
BRF:11
BRH:8
end_of_record
TN:
SF:src\modules\auth\auth.model.js
FN:6,(anonymous_0)
FN:19,(anonymous_1)
FN:27,(anonymous_2)
FNF:3
FNH:2
FNDA:2,(anonymous_0)
FNDA:4,(anonymous_1)
FNDA:0,(anonymous_2)
DA:2,2
DA:3,2
DA:6,2
DA:7,2
DA:19,2
DA:20,4
DA:24,0
DA:27,2
DA:28,0
DA:35,0
DA:39,2
LF:11
LH:8
BRF:0
BRH:0
end_of_record
TN:
SF:src\modules\auth\auth.routes.js
FNF:0
FNH:0
DA:1,2
DA:2,2
DA:3,2
DA:6,2
DA:7,2
DA:9,2
LF:6
LH:6
BRF:0
BRH:0
end_of_record
TN:
SF:src\modules\auth\auth.service.js
FN:8,(anonymous_0)
FN:47,(anonymous_1)
FNF:2
FNH:2
FNDA:1,(anonymous_0)
FNDA:3,(anonymous_1)
DA:2,2
DA:3,2
DA:4,2
DA:5,2
DA:8,2
DA:11,1
DA:12,0
DA:13,0
DA:17,0
DA:18,0
DA:21,0
DA:29,0
DA:36,0
DA:44,0
DA:47,2
DA:50,3
DA:51,0
DA:52,0
DA:56,0
DA:57,0
DA:58,0
DA:62,0
DA:69,0
DA:80,2
LF:24
LH:9
BRDA:12,0,0,0
BRDA:12,0,1,0
BRDA:51,1,0,0
BRDA:51,1,1,0
BRDA:57,2,0,0
BRDA:57,2,1,0
BRF:6
BRH:0
end_of_record
TN:
SF:src\modules\campaigns\campaigns.controller.js
FN:3,(anonymous_0)
FN:29,(anonymous_1)
FN:44,(anonymous_2)
FN:67,(anonymous_3)
FN:86,(anonymous_4)
FN:105,(anonymous_5)
FNF:6
FNH:0
FNDA:0,(anonymous_0)
FNDA:0,(anonymous_1)
FNDA:0,(anonymous_2)
FNDA:0,(anonymous_3)
FNDA:0,(anonymous_4)
FNDA:0,(anonymous_5)
DA:1,2
DA:3,2
DA:4,0
DA:8,0
DA:9,0
DA:11,0
DA:16,0
DA:22,0
DA:29,2
DA:30,0
DA:31,0
DA:32,0
DA:37,0
DA:44,2
DA:45,0
DA:46,0
DA:49,0
DA:50,0
DA:55,0
DA:60,0
DA:67,2
DA:68,0
DA:69,0
DA:73,0
DA:79,0
DA:86,2
DA:87,0
DA:88,0
DA:92,0
DA:98,0
DA:105,2
DA:106,0
DA:107,0
DA:110,0
DA:115,0
DA:122,2
LF:36
LH:8
BRDA:49,0,0,0
BRDA:49,0,1,0
BRF:2
BRH:0
end_of_record
TN:
SF:src\modules\campaigns\campaigns.model.js
FN:4,(anonymous_0)
FN:20,(anonymous_1)
FN:34,(anonymous_2)
FN:49,(anonymous_3)
FN:60,(anonymous_4)
FN:71,(anonymous_5)
FNF:6
FNH:0
FNDA:0,(anonymous_0)
FNDA:0,(anonymous_1)
FNDA:0,(anonymous_2)
FNDA:0,(anonymous_3)
FNDA:0,(anonymous_4)
FNDA:0,(anonymous_5)
DA:1,2
DA:2,2
DA:4,2
DA:8,0
DA:17,0
DA:20,2
DA:21,0
DA:31,0
DA:34,2
DA:35,0
DA:46,0
DA:49,2
DA:50,0
DA:57,0
DA:60,2
DA:61,0
DA:68,0
DA:71,2
DA:72,0
DA:80,0
DA:83,2
LF:21
LH:9
BRF:0
BRH:0
end_of_record
TN:
SF:src\modules\campaigns\campaigns.routes.js
FNF:0
FNH:0
DA:1,2
DA:2,2
DA:3,2
DA:4,2
DA:5,2
DA:8,2
DA:9,2
DA:12,2
DA:17,2
DA:22,2
DA:29,2
DA:36,2
LF:12
LH:12
BRF:0
BRH:0
end_of_record
TN:
SF:src\modules\campaigns\campaigns.service.js
FN:4,(anonymous_0)
FN:24,(anonymous_1)
FN:28,(anonymous_2)
FN:32,(anonymous_3)
FN:45,(anonymous_4)
FN:51,(anonymous_5)
FNF:6
FNH:0
FNDA:0,(anonymous_0)
FNDA:0,(anonymous_1)
FNDA:0,(anonymous_2)
FNDA:0,(anonymous_3)
FNDA:0,(anonymous_4)
FNDA:0,(anonymous_5)
DA:1,2
DA:2,2
DA:4,2
DA:8,0
DA:13,0
DA:21,0
DA:24,2
DA:25,0
DA:28,2
DA:29,0
DA:32,2
DA:33,0
DA:37,0
DA:42,0
DA:45,2
DA:46,0
DA:51,2
DA:52,0
DA:55,2
LF:19
LH:9
BRF:0
BRH:0
end_of_record
TN:
SF:src\modules\government\government.controller.js
FN:3,(anonymous_0)
FN:18,(anonymous_1)
FN:33,(anonymous_2)
FN:48,(anonymous_3)
FN:70,(anonymous_4)
FN:85,(anonymous_5)
FNF:6
FNH:0
FNDA:0,(anonymous_0)
FNDA:0,(anonymous_1)
FNDA:0,(anonymous_2)
FNDA:0,(anonymous_3)
FNDA:0,(anonymous_4)
FNDA:0,(anonymous_5)
DA:1,2
DA:3,2
DA:4,0
DA:5,0
DA:6,0
DA:11,0
DA:18,2
DA:19,0
DA:20,0
DA:21,0
DA:26,0
DA:33,2
DA:34,0
DA:35,0
DA:36,0
DA:41,0
DA:48,2
DA:49,0
DA:50,0
DA:51,0
DA:57,0
DA:63,0
DA:70,2
DA:71,0
DA:72,0
DA:73,0
DA:78,0
DA:85,2
DA:86,0
DA:87,0
DA:88,0
DA:93,0
DA:100,2
LF:33
LH:8
BRF:0
BRH:0
end_of_record
TN:
SF:src\modules\government\government.model.js
FN:4,(anonymous_0)
FN:18,(anonymous_1)
FN:31,(anonymous_2)
FN:47,(anonymous_3)
FN:70,(anonymous_4)
FN:83,(anonymous_5)
FNF:6
FNH:0
FNDA:0,(anonymous_0)
FNDA:0,(anonymous_1)
FNDA:0,(anonymous_2)
FNDA:0,(anonymous_3)
FNDA:0,(anonymous_4)
FNDA:0,(anonymous_5)
DA:1,2
DA:2,2
DA:4,2
DA:5,0
DA:15,0
DA:18,2
DA:19,0
DA:28,0
DA:31,2
DA:32,0
DA:44,0
DA:47,2
DA:50,0
DA:58,0
DA:67,0
DA:70,2
DA:71,0
DA:80,0
DA:83,2
DA:84,0
DA:94,0
DA:97,2
LF:22
LH:9
BRF:0
BRH:0
end_of_record
TN:
SF:src\modules\government\government.profile.controller.js
FN:3,(anonymous_0)
FN:20,(anonymous_1)
FNF:2
FNH:0
FNDA:0,(anonymous_0)
FNDA:0,(anonymous_1)
DA:1,2
DA:3,2
DA:4,0
DA:5,0
DA:8,0
DA:13,0
DA:20,2
DA:21,0
DA:22,0
DA:26,0
DA:32,0
DA:39,2
LF:12
LH:4
BRF:0
BRH:0
end_of_record
TN:
SF:src\modules\government\government.profile.model.js
FN:4,(anonymous_0)
FN:15,(anonymous_1)
FN:34,(anonymous_2)
FNF:3
FNH:0
FNDA:0,(anonymous_0)
FNDA:0,(anonymous_1)
FNDA:0,(anonymous_2)
DA:1,2
DA:2,2
DA:4,2
DA:5,0
DA:12,0
DA:15,2
DA:16,0
DA:18,0
DA:31,0
DA:34,2
DA:35,0
DA:37,0
DA:50,0
DA:58,0
DA:67,2
LF:15
LH:6
BRDA:62,0,0,0
BRDA:62,0,1,0
BRF:2
BRH:0
end_of_record
TN:
SF:src\modules\government\government.profile.service.js
FN:3,(anonymous_0)
FN:7,(anonymous_1)
FNF:2
FNH:0
FNDA:0,(anonymous_0)
FNDA:0,(anonymous_1)
DA:1,2
DA:3,2
DA:4,0
DA:7,2
DA:8,0
DA:14,2
LF:6
LH:4
BRF:0
BRH:0
end_of_record
TN:
SF:src\modules\government\government.routes.js
FNF:0
FNH:0
DA:1,2
DA:2,2
DA:3,2
DA:4,2
DA:5,2
DA:9,2
DA:10,2
DA:12,2
DA:17,2
DA:22,2
DA:27,2
DA:32,2
DA:37,2
DA:41,2
DA:44,2
DA:49,2
DA:53,2
LF:17
LH:17
BRF:0
BRH:0
end_of_record
TN:
SF:src\modules\government\government.service.js
FN:4,(anonymous_0)
FN:8,(anonymous_1)
FN:12,(anonymous_2)
FN:16,(anonymous_3)
FN:33,(anonymous_4)
FN:37,(anonymous_5)
FNF:6
FNH:0
FNDA:0,(anonymous_0)
FNDA:0,(anonymous_1)
FNDA:0,(anonymous_2)
FNDA:0,(anonymous_3)
FNDA:0,(anonymous_4)
FNDA:0,(anonymous_5)
DA:1,2
DA:2,2
DA:4,2
DA:5,0
DA:8,2
DA:9,0
DA:12,2
DA:13,0
DA:16,2
DA:19,0
DA:23,0
DA:30,0
DA:33,2
DA:34,0
DA:37,2
DA:38,0
DA:41,2
LF:17
LH:9
BRF:0
BRH:0
end_of_record
TN:
SF:src\modules\reporting\reporting.controller.js
FN:8,(anonymous_0)
FN:43,(anonymous_1)
FN:95,(anonymous_2)
FN:117,(anonymous_3)
FN:130,(anonymous_4)
FN:149,(anonymous_5)
FN:168,(anonymous_6)
FN:178,(anonymous_7)
FN:187,(anonymous_8)
FN:214,(anonymous_9)
FN:245,(anonymous_10)
FN:261,(anonymous_11)
FNF:12
FNH:0
FNDA:0,(anonymous_0)
FNDA:0,(anonymous_1)
FNDA:0,(anonymous_2)
FNDA:0,(anonymous_3)
FNDA:0,(anonymous_4)
FNDA:0,(anonymous_5)
FNDA:0,(anonymous_6)
FNDA:0,(anonymous_7)
FNDA:0,(anonymous_8)
FNDA:0,(anonymous_9)
FNDA:0,(anonymous_10)
FNDA:0,(anonymous_11)
DA:1,2
DA:2,2
DA:6,2
DA:8,2
DA:9,0
DA:10,0
DA:11,0
DA:14,0
DA:15,0
DA:16,0
DA:17,0
DA:18,0
DA:19,0
DA:20,0
DA:21,0
DA:22,0
DA:23,0
DA:24,0
DA:25,0
DA:26,0
DA:29,0
DA:33,0
DA:39,0
DA:43,2
DA:44,0
DA:45,0
DA:46,0
DA:47,0
DA:61,0
DA:63,0
DA:64,0
DA:66,0
DA:67,0
DA:70,0
DA:81,0
DA:88,0
DA:95,2
DA:96,0
DA:97,0
DA:98,0
DA:99,0
DA:103,0
DA:110,0
DA:117,2
DA:118,0
DA:119,0
DA:120,0
DA:121,0
DA:123,0
DA:125,0
DA:130,2
DA:131,0
DA:132,0
DA:133,0
DA:136,0
DA:137,0
DA:139,0
DA:145,0
DA:149,2
DA:150,0
DA:151,0
DA:152,0
DA:155,0
DA:156,0
DA:158,0
DA:164,0
DA:168,2
DA:169,0
DA:170,0
DA:171,0
DA:172,0
DA:174,0
DA:178,2
DA:179,0
DA:180,0
DA:181,0
DA:183,0
DA:187,2
DA:188,0
DA:189,0
DA:194,0
DA:195,0
DA:201,0
DA:207,0
DA:214,2
DA:215,0
DA:216,0
DA:217,0
DA:218,0
DA:225,0
DA:231,0
DA:238,0
DA:245,2
DA:246,0
DA:247,0
DA:250,0
DA:255,0
DA:261,2
DA:262,0
DA:263,0
DA:266,0
DA:271,0
DA:278,2
LF:103
LH:16
BRDA:11,0,0,0
BRDA:11,0,1,0
BRDA:15,1,0,0
BRDA:15,1,1,0
BRDA:15,2,0,0
BRDA:15,2,1,0
BRDA:20,3,0,0
BRDA:20,3,1,0
BRDA:23,4,0,0
BRDA:23,4,1,0
BRDA:46,5,0,0
BRDA:46,5,1,0
BRDA:66,6,0,0
BRDA:66,6,1,0
BRDA:97,7,0,0
BRDA:97,7,1,0
BRDA:98,8,0,0
BRDA:98,8,1,0
BRDA:120,9,0,0
BRDA:120,9,1,0
BRDA:136,10,0,0
BRDA:136,10,1,0
BRDA:155,11,0,0
BRDA:155,11,1,0
BRDA:194,12,0,0
BRDA:194,12,1,0
BRDA:217,13,0,0
BRDA:217,13,1,0
BRF:28
BRH:0
end_of_record
TN:
SF:src\modules\reporting\reporting.model.js
FN:4,(anonymous_0)
FN:33,(anonymous_1)
FN:130,(anonymous_2)
FN:147,(anonymous_3)
FN:158,(anonymous_4)
FN:166,(anonymous_5)
FN:176,(anonymous_6)
FN:188,(anonymous_7)
FN:199,(anonymous_8)
FN:214,(anonymous_9)
FN:226,(anonymous_10)
FN:236,(anonymous_11)
FN:247,(anonymous_12)
FNF:13
FNH:0
FNDA:0,(anonymous_0)
FNDA:0,(anonymous_1)
FNDA:0,(anonymous_2)
FNDA:0,(anonymous_3)
FNDA:0,(anonymous_4)
FNDA:0,(anonymous_5)
FNDA:0,(anonymous_6)
FNDA:0,(anonymous_7)
FNDA:0,(anonymous_8)
FNDA:0,(anonymous_9)
FNDA:0,(anonymous_10)
FNDA:0,(anonymous_11)
FNDA:0,(anonymous_12)
DA:1,2
DA:2,2
DA:4,2
DA:5,0
DA:22,0
DA:33,2
DA:34,0
DA:48,0
DA:57,0
DA:68,0
DA:79,0
DA:95,0
DA:105,0
DA:117,0
DA:130,2
DA:134,0
DA:144,0
DA:147,2
DA:148,0
DA:149,0
DA:155,0
DA:158,2
DA:159,0
DA:163,0
DA:166,2
DA:167,0
DA:173,0
DA:176,2
DA:177,0
DA:185,0
DA:188,2
DA:189,0
DA:196,0
DA:199,2
DA:200,0
DA:211,0
DA:214,2
DA:215,0
DA:223,0
DA:226,2
DA:227,0
DA:233,0
DA:236,2
DA:237,0
DA:244,0
DA:247,2
DA:248,0
DA:256,0
DA:259,2
LF:49
LH:16
BRDA:147,0,0,0
BRDA:147,1,0,0
BRF:2
BRH:0
end_of_record
TN:
SF:src\modules\reporting\reporting.routes.js
FNF:0
FNH:0
DA:1,2
DA:2,2
DA:3,2
DA:4,2
DA:5,2
DA:10,2
DA:11,2
DA:12,2
DA:13,2
DA:14,2
DA:17,2
DA:22,2
DA:27,2
DA:32,2
DA:37,2
DA:43,2
DA:48,2
LF:17
LH:17
BRF:0
BRH:0
end_of_record
TN:
SF:src\modules\reporting\reporting.service.js
FN:4,(anonymous_0)
FN:35,(anonymous_1)
FN:39,(anonymous_2)
FN:43,(anonymous_3)
FN:47,(anonymous_4)
FN:61,(anonymous_5)
FN:69,(anonymous_6)
FN:76,(anonymous_7)
FN:80,(anonymous_8)
FN:84,(anonymous_9)
FN:92,(anonymous_10)
FNF:11
FNH:0
FNDA:0,(anonymous_0)
FNDA:0,(anonymous_1)
FNDA:0,(anonymous_2)
FNDA:0,(anonymous_3)
FNDA:0,(anonymous_4)
FNDA:0,(anonymous_5)
FNDA:0,(anonymous_6)
FNDA:0,(anonymous_7)
FNDA:0,(anonymous_8)
FNDA:0,(anonymous_9)
FNDA:0,(anonymous_10)
DA:1,2
DA:2,2
DA:4,2
DA:13,0
DA:23,0
DA:32,0
DA:35,2
DA:36,0
DA:39,2
DA:40,0
DA:43,2
DA:44,0
DA:47,2
DA:53,0
DA:61,2
DA:62,0
DA:69,2
DA:70,0
DA:76,2
DA:77,0
DA:80,2
DA:81,0
DA:84,2
DA:85,0
DA:92,2
DA:93,0
DA:96,2
LF:27
LH:14
BRF:0
BRH:0
end_of_record
TN:
SF:src\modules\rewards\rewards.controller.js
FN:3,(anonymous_0)
FN:20,(anonymous_1)
FN:37,(anonymous_2)
FN:52,(anonymous_3)
FN:67,(anonymous_4)
FN:87,(anonymous_5)
FNF:6
FNH:0
FNDA:0,(anonymous_0)
FNDA:0,(anonymous_1)
FNDA:0,(anonymous_2)
FNDA:0,(anonymous_3)
FNDA:0,(anonymous_4)
FNDA:0,(anonymous_5)
DA:1,2
DA:3,2
DA:4,0
DA:5,0
DA:8,0
DA:13,0
DA:20,2
DA:21,0
DA:22,0
DA:25,0
DA:30,0
DA:37,2
DA:38,0
DA:39,0
DA:40,0
DA:45,0
DA:52,2
DA:53,0
DA:54,0
DA:55,0
DA:60,0
DA:67,2
DA:68,0
DA:69,0
DA:70,0
DA:74,0
DA:80,0
DA:87,2
DA:88,0
DA:89,0
DA:92,0
DA:97,0
DA:104,2
LF:33
LH:8
BRF:0
BRH:0
end_of_record
TN:
SF:src\modules\rewards\rewards.model.js
FN:4,(anonymous_0)
FN:15,(anonymous_1)
FN:27,(anonymous_2)
FN:37,(anonymous_3)
FN:53,(anonymous_4)
FNF:5
FNH:0
FNDA:0,(anonymous_0)
FNDA:0,(anonymous_1)
FNDA:0,(anonymous_2)
FNDA:0,(anonymous_3)
FNDA:0,(anonymous_4)
DA:1,2
DA:2,2
DA:4,2
DA:5,0
DA:12,0
DA:15,2
DA:16,0
DA:24,0
DA:27,2
DA:28,0
DA:34,0
DA:37,2
DA:38,0
DA:50,0
DA:53,2
DA:54,0
DA:55,0
DA:56,0
DA:57,0
DA:58,0
DA:61,2
LF:21
LH:8
BRDA:54,0,0,0
BRDA:54,0,1,0
BRDA:55,1,0,0
BRDA:55,1,1,0
BRDA:56,2,0,0
BRDA:56,2,1,0
BRDA:57,3,0,0
BRDA:57,3,1,0
BRF:8
BRH:0
end_of_record
TN:
SF:src\modules\rewards\rewards.routes.js
FNF:0
FNH:0
DA:1,2
DA:2,2
DA:3,2
DA:4,2
DA:7,2
DA:12,2
DA:18,2
DA:24,2
DA:30,2
DA:36,2
DA:42,2
LF:11
LH:11
BRF:0
BRH:0
end_of_record
TN:
SF:src\modules\rewards\rewards.service.js
FN:4,(anonymous_0)
FN:20,(anonymous_1)
FN:30,(anonymous_2)
FN:34,(anonymous_3)
FN:36,(anonymous_4)
FN:78,(anonymous_5)
FN:82,(anonymous_6)
FN:83,(anonymous_7)
FN:115,(anonymous_8)
FN:119,(anonymous_9)
FNF:10
FNH:0
FNDA:0,(anonymous_0)
FNDA:0,(anonymous_1)
FNDA:0,(anonymous_2)
FNDA:0,(anonymous_3)
FNDA:0,(anonymous_4)
FNDA:0,(anonymous_5)
FNDA:0,(anonymous_6)
FNDA:0,(anonymous_7)
FNDA:0,(anonymous_8)
FNDA:0,(anonymous_9)
DA:1,2
DA:2,2
DA:4,2
DA:5,0
DA:6,0
DA:10,0
DA:17,0
DA:20,2
DA:21,0
DA:22,0
DA:23,0
DA:30,2
DA:31,0
DA:34,2
DA:35,0
DA:36,0
DA:43,2
DA:78,2
DA:79,0
DA:82,2
DA:83,0
DA:84,0
DA:86,0
DA:87,0
DA:88,0
DA:90,0
DA:91,0
DA:96,0
DA:102,0
DA:109,0
DA:115,2
DA:116,0
DA:119,2
DA:120,0
DA:121,0
DA:122,0
DA:130,2
LF:37
LH:12
BRDA:22,0,0,0
BRDA:22,0,1,0
BRDA:39,1,0,0
BRDA:39,1,1,0
BRDA:84,2,0,0
BRDA:84,2,1,0
BRDA:90,3,0,0
BRDA:90,3,1,0
BRF:8
BRH:0
end_of_record
TN:
SF:src\shared\cloudinary.js
FN:9,(anonymous_0)
FNF:1
FNH:0
FNDA:0,(anonymous_0)
DA:1,2
DA:3,2
DA:9,2
DA:10,0
DA:17,0
DA:20,2
LF:6
LH:4
BRF:0
BRH:0
end_of_record
TN:
SF:src\shared\database.js
FN:12,(anonymous_0)
FN:13,(anonymous_1)
FN:17,(anonymous_2)
FN:19,(anonymous_3)
FNF:4
FNH:1
FNDA:0,(anonymous_0)
FNDA:0,(anonymous_1)
FNDA:20,(anonymous_2)
FNDA:0,(anonymous_3)
DA:1,2
DA:2,2
DA:4,2
DA:12,2
DA:13,2
DA:17,20
DA:18,2
DA:19,2
DA:21,2
LF:9
LH:9
BRDA:5,0,0,2
BRDA:5,0,1,0
BRDA:6,1,0,2
BRDA:6,1,1,0
BRDA:7,2,0,2
BRDA:7,2,1,0
BRDA:8,3,0,2
BRDA:8,3,1,0
BRDA:9,4,0,2
BRDA:9,4,1,0
BRF:10
BRH:5
end_of_record
TN:
SF:src\shared\role.middleware.js
FN:1,(anonymous_0)
FN:2,(anonymous_1)
FNF:2
FNH:1
FNDA:8,(anonymous_0)
FNDA:0,(anonymous_1)
DA:1,2
DA:2,8
DA:3,0
DA:4,0
DA:10,0
DA:14,0
DA:15,0
DA:21,0
DA:25,2
LF:9
LH:3
BRDA:3,0,0,0
BRDA:3,0,1,0
BRDA:10,1,0,0
BRDA:10,1,1,0
BRDA:14,2,0,0
BRDA:14,2,1,0
BRF:6
BRH:0
end_of_record
TN:
SF:src\shared\upload.js
FN:5,(anonymous_0)
FN:8,(anonymous_1)
FN:14,(anonymous_2)
FNF:3
FNH:0
FNDA:0,(anonymous_0)
FNDA:0,(anonymous_1)
FNDA:0,(anonymous_2)
DA:1,2
DA:2,2
DA:4,2
DA:6,0
DA:9,0
DA:10,0
DA:14,2
DA:15,0
DA:16,0
DA:18,0
DA:22,2
DA:28,2
LF:12
LH:6
BRDA:15,0,0,0
BRDA:15,0,1,0
BRF:2
BRH:0
end_of_record
TN:
SF:src\shared\validation.js
FN:1,(anonymous_0)
FN:50,(anonymous_1)
FNF:2
FNH:0
FNDA:0,(anonymous_0)
FNDA:0,(anonymous_1)
DA:1,2
DA:2,0
DA:4,0
DA:5,0
DA:8,0
DA:9,0
DA:12,0
DA:13,0
DA:16,0
DA:17,0
DA:20,0
DA:21,0
DA:24,0
DA:25,0
DA:28,0
DA:29,0
DA:32,0
DA:41,0
DA:42,0
DA:47,0
DA:50,2
DA:51,0
DA:53,0
DA:54,0
DA:57,0
DA:58,0
DA:61,0
DA:64,2
LF:28
LH:3
BRDA:4,0,0,0
BRDA:4,0,1,0
BRDA:4,1,0,0
BRDA:4,1,1,0
BRDA:8,2,0,0
BRDA:8,2,1,0
BRDA:8,3,0,0
BRDA:8,3,1,0
BRDA:12,4,0,0
BRDA:12,4,1,0
BRDA:12,5,0,0
BRDA:12,5,1,0
BRDA:16,6,0,0
BRDA:16,6,1,0
BRDA:20,7,0,0
BRDA:20,7,1,0
BRDA:24,8,0,0
BRDA:24,8,1,0
BRDA:24,9,0,0
BRDA:24,9,1,0
BRDA:24,9,2,0
BRDA:28,10,0,0
BRDA:28,10,1,0
BRDA:28,11,0,0
BRDA:28,11,1,0
BRDA:28,11,2,0
BRDA:41,12,0,0
BRDA:41,12,1,0
BRDA:41,13,0,0
BRDA:41,13,1,0
BRDA:53,14,0,0
BRDA:53,14,1,0
BRDA:53,15,0,0
BRDA:53,15,1,0
BRDA:57,16,0,0
BRDA:57,16,1,0
BRDA:57,17,0,0
BRDA:57,17,1,0
BRF:38
BRH:0
end_of_record
